INFO 2017-05-02 15:03:20,348 basehttp 8375 140417278392064 "GET /signin/ HTTP/1.1" 200 9302
INFO 2017-05-02 15:03:20,571 basehttp 8375 140417269999360 "GET /static/images/favicon.ico HTTP/1.1" 200 1406
INFO 2017-05-02 15:03:22,213 basehttp 8375 140417286784768 "POST /signin/ HTTP/1.1" 302 0
INFO 2017-05-02 15:03:22,300 basehttp 8375 140417295177472 "GET / HTTP/1.1" 200 14396
INFO 2017-05-02 15:03:22,375 basehttp 8375 140417311962880 "GET /static/css/bootstrap-datepicker3.min.css HTTP/1.1" 304 0
INFO 2017-05-02 15:03:22,435 basehttp 8375 140417311962880 "GET /static/css/jquery-ui.min.css HTTP/1.1" 304 0
INFO 2017-05-02 15:03:22,449 basehttp 8375 140417295177472 "GET /static/css/ace-skins.min.css HTTP/1.1" 304 0
INFO 2017-05-02 15:03:22,460 basehttp 8375 140417286784768 "GET /static/css/icon.min.css HTTP/1.1" 304 0
INFO 2017-05-02 15:03:22,472 basehttp 8375 140417311962880 "GET /static/css/responsible_table.css HTTP/1.1" 304 0
INFO 2017-05-02 15:03:22,494 basehttp 8375 140417286784768 "GET /static/css/comments.css HTTP/1.1" 304 0
INFO 2017-05-02 15:03:22,543 basehttp 8375 140417286784768 "GET /static/css/jquery-confirm.css HTTP/1.1" 304 0
INFO 2017-05-02 15:03:22,565 basehttp 8375 140417286784768 "GET /static/js/datatables.min.js HTTP/1.1" 304 0
INFO 2017-05-02 15:03:22,579 basehttp 8375 140417311962880 "GET /static/js/dataTables.fixedHeader.min.js HTTP/1.1" 304 0
INFO 2017-05-02 15:03:22,590 basehttp 8375 140417286784768 "GET /static/js/fnPagingInfo.js HTTP/1.1" 304 0
INFO 2017-05-02 15:03:22,622 basehttp 8375 140417286784768 "GET /static/js/bootstrap-datepicker.min.js HTTP/1.1" 304 0
INFO 2017-05-02 15:03:22,662 basehttp 8375 140417286784768 "GET /static/js/jquery-confirm.js?v=1493717575.23 HTTP/1.1" 200 22450
INFO 2017-05-02 15:03:22,710 basehttp 8375 140417286784768 "GET /static/js/jquery-file-upload/vendor/jquery.ui.widget.js HTTP/1.1" 304 0
INFO 2017-05-02 15:03:22,811 basehttp 8375 140417311962880 "GET /static/js/jquery-ui.min.js?v=1493717575.23 HTTP/1.1" 200 240333
INFO 2017-05-02 15:03:22,833 basehttp 8375 140417311962880 "GET /static/js/jquery-file-upload/jquery.iframe-transport.js HTTP/1.1" 304 0
INFO 2017-05-02 15:03:22,851 basehttp 8375 140417286784768 "GET /static/js/jquery-file-upload/jquery.fileupload.js HTTP/1.1" 304 0
INFO 2017-05-02 15:03:23,020 basehttp 8375 140417286784768 "GET /static/js/jquery.dataTables.min.js HTTP/1.1" 304 0
INFO 2017-05-02 15:03:23,039 basehttp 8375 140417286784768 "GET /static/js/jquery.dataTables.bootstrap.min.js HTTP/1.1" 304 0
INFO 2017-05-02 15:03:23,163 basehttp 8375 140417286784768 "GET /static/js/dataTables.buttons.min.js HTTP/1.1" 304 0
INFO 2017-05-02 15:03:23,175 basehttp 8375 140417286784768 "GET /static/js/buttons.flash.min.js HTTP/1.1" 304 0
INFO 2017-05-02 15:03:23,189 basehttp 8375 140417286784768 "GET /static/js/buttons.html5.min.js HTTP/1.1" 304 0
INFO 2017-05-02 15:03:23,254 basehttp 8375 140417286784768 "GET /static/js/buttons.print.min.js HTTP/1.1" 304 0
INFO 2017-05-02 15:03:23,267 basehttp 8375 140417286784768 "GET /static/js/buttons.colVis.min.js HTTP/1.1" 304 0
INFO 2017-05-02 15:03:23,312 basehttp 8375 140417286784768 "GET /static/js/dataTables.select.min.js HTTP/1.1" 304 0
INFO 2017-05-02 15:03:23,353 basehttp 8375 140417286784768 "GET /static/js/jquery.imagebox.js?v=1493717575.23 HTTP/1.1" 200 7273
INFO 2017-05-02 15:03:23,368 basehttp 8375 140417286784768 "GET /static/js/moment.min.js HTTP/1.1" 304 0
INFO 2017-05-02 15:03:43,690 basehttp 8375 140417286784768 "GET /static/datajs/loadTaskList.js?v=1493717575.23 HTTP/1.1" 200 18363
INFO 2017-05-02 15:03:43,749 basehttp 8375 140417286784768 "GET /static/js/imageViewer.js HTTP/1.1" 304 0
INFO 2017-05-02 15:03:43,869 basehttp 8375 140417286784768 "GET /static/fonts/glyphicons-halflings-regular.woff2 HTTP/1.1" 304 0
INFO 2017-05-02 15:03:43,895 basehttp 8375 140417295177472 "GET /static/images/madura_logo.gif HTTP/1.1" 304 0
INFO 2017-05-02 15:03:43,907 basehttp 8375 140417311962880 "GET /static/images/chrome_icon.png HTTP/1.1" 304 0
INFO 2017-05-02 15:03:43,931 basehttp 8375 140417286784768 "GET /static/images/firefox_icon.png HTTP/1.1" 304 0
INFO 2017-05-02 15:03:43,998 basehttp 8375 140417269999360 "GET /tasksCount/ HTTP/1.1" 200 47
INFO 2017-05-02 15:03:44,123 basehttp 8375 140417269999360 "GET /tasksCount/ HTTP/1.1" 200 47
INFO 2017-05-02 15:04:23,106 basehttp 8375 140417269999360 "GET /assignedTaskList/ HTTP/1.1" 200 12370
INFO 2017-05-02 15:04:23,207 basehttp 8375 140417269999360 "GET /static/js/jquery.inputlimiter.min.js HTTP/1.1" 304 0
INFO 2017-05-02 15:04:23,221 basehttp 8375 140417269999360 "GET /static/js/jquery.alphanumeric.js HTTP/1.1" 304 0
INFO 2017-05-02 15:04:23,351 basehttp 8375 140417286784768 "GET /static/datajs/grouplist.js?v=1493717575.23 HTTP/1.1" 200 117085
INFO 2017-05-02 15:04:23,511 basehttp 8375 140417286784768 "GET /static/js/viewer.js HTTP/1.1" 304 0
INFO 2017-05-02 15:04:23,660 basehttp 8375 140417286784768 "GET /tasksCount/ HTTP/1.1" 200 47
INFO 2017-05-02 15:04:23,784 basehttp 8375 140417286784768 "GET /tasksCount/ HTTP/1.1" 200 47
INFO 2017-05-02 15:04:47,621 basehttp 8375 140417286784768 "GET /signout/ HTTP/1.1" 302 0
INFO 2017-05-02 15:04:47,715 basehttp 8375 140417286784768 "GET /signin/ HTTP/1.1" 200 9302
INFO 2017-05-02 15:04:51,626 basehttp 8375 140417286784768 "POST /signin/ HTTP/1.1" 302 0
INFO 2017-05-02 15:04:51,875 basehttp 8375 140417286784768 "GET / HTTP/1.1" 200 24219
INFO 2017-05-02 15:04:52,371 basehttp 8375 140417286784768 "GET /tasksCount/ HTTP/1.1" 200 337
INFO 2017-05-02 15:04:52,517 basehttp 8375 140417286784768 "GET /tasksCount/ HTTP/1.1" 200 337
INFO 2017-05-02 15:05:27,040 basehttp 8375 140417286784768 "GET /assignedTaskList/ HTTP/1.1" 200 21491
INFO 2017-05-02 15:05:27,365 basehttp 8375 140417286784768 "GET /tasksCount/ HTTP/1.1" 200 337
INFO 2017-05-02 15:05:27,551 basehttp 8375 140417286784768 "GET /tasksCount/ HTTP/1.1" 200 337
INFO 2017-05-02 15:05:30,485 basehttp 8375 140417286784768 "GET /SHGForm/26315/152132/b00d5a6e-2a73-11e7-b73d-0666ef5380a3/e7ef8165-29b2-11e7-a91b-0666ef5380a3/Upload%20disbursement%20docs/ATL/2 HTTP/1.1" 200 29941
INFO 2017-05-02 15:05:30,808 basehttp 8375 140417286784768 "GET /static/datajs/masterData.js?v=1493717575.23 HTTP/1.1" 200 6196
INFO 2017-05-02 15:05:30,821 basehttp 8375 140417269999360 "GET /static/datajs/mysidenav.js?v=1493717575.23 HTTP/1.1" 200 1022
INFO 2017-05-02 15:05:30,837 basehttp 8375 140417311962880 "GET /static/datajs/DocUPload.js?v=1493717575.23 HTTP/1.1" 200 11178
INFO 2017-05-02 15:05:31,189 basehttp 8375 140417311962880 "GET /disburseDocsData/152132 HTTP/1.1" 200 4777
INFO 2017-05-02 15:05:31,239 basehttp 8375 140417286784768 "GET /tasksCount/ HTTP/1.1" 200 337
INFO 2017-05-02 15:05:31,389 basehttp 8375 140417286784768 "POST /masterDataBank/ HTTP/1.1" 200 51272
INFO 2017-05-02 15:05:31,550 basehttp 8375 140417269999360 "GET /static/images/ajax-loader.gif HTTP/1.1" 200 331006
INFO 2017-05-02 15:05:32,112 basehttp 8375 140417269999360 "GET /DocumentView/152132 HTTP/1.1" 200 6587
INFO 2017-05-02 15:05:32,149 basehttp 8375 140417286784768 "POST /groupRoleDetails/ HTTP/1.1" 200 913
INFO 2017-05-02 15:05:32,248 basehttp 8375 140417286784768 "GET /loanDocument/2 HTTP/1.1" 200 1287
INFO 2017-05-02 15:05:32,446 basehttp 8375 140417286784768 "GET /tasksCount/ HTTP/1.1" 200 337
INFO 2017-05-02 15:05:32,558 basehttp 8375 140417286784768 "POST /masterDataBank/ HTTP/1.1" 200 51272
INFO 2017-05-02 15:05:32,564 basehttp 8375 140417269999360 "POST /masterIDProof/ HTTP/1.1" 200 1213
INFO 2017-05-02 15:05:32,583 basehttp 8375 140417311962880 "POST /masterAddressProof/ HTTP/1.1" 200 1190
INFO 2017-05-02 15:05:32,596 basehttp 8375 140417295177472 "POST /masterLoanPurpose/ HTTP/1.1" 200 7304
INFO 2017-05-02 15:06:41,289 basehttp 8478 139902175713024 "GET /assignedTaskList/ HTTP/1.1" 200 21491
INFO 2017-05-02 15:06:41,407 basehttp 8478 139902175713024 "GET /static/js/bootstrap.min.js?v=1493717797.81 HTTP/1.1" 200 36868
INFO 2017-05-02 15:06:41,428 basehttp 8478 139902167320320 "GET /static/js/jquery-confirm.js?v=1493717797.81 HTTP/1.1" 200 22450
INFO 2017-05-02 15:06:41,441 basehttp 8478 139902158927616 "GET /static/js/ace-elements.min.js?v=1493717797.81 HTTP/1.1" 200 62856
INFO 2017-05-02 15:06:41,506 basehttp 8478 139902167320320 "GET /static/js/jquery.imagebox.js?v=1493717797.81 HTTP/1.1" 200 7273
INFO 2017-05-02 15:06:41,705 basehttp 8478 139902175713024 "GET /static/js/ace.min.js?v=1493717797.81 HTTP/1.1" 200 92124
INFO 2017-05-02 15:06:41,723 basehttp 8478 139902175713024 "GET /static/datajs/loadTaskList.js?v=1493717797.81 HTTP/1.1" 200 18363
INFO 2017-05-02 15:06:41,761 basehttp 8478 139902150534912 "GET /static/js/jquery-ui.min.js?v=1493717797.81 HTTP/1.1" 200 240333
INFO 2017-05-02 15:06:42,165 basehttp 8478 139902150534912 "GET /static/datajs/grouplist.js?v=1493717797.81 HTTP/1.1" 200 117085
INFO 2017-05-02 15:06:42,691 basehttp 8478 139902150534912 "GET /tasksCount/ HTTP/1.1" 200 337
INFO 2017-05-02 15:06:42,919 basehttp 8478 139902150534912 "GET /tasksCount/ HTTP/1.1" 200 337
INFO 2017-05-02 15:06:44,063 basehttp 8478 139902150534912 "GET /assignedTaskList/ HTTP/1.1" 200 21491
INFO 2017-05-02 15:06:44,390 basehttp 8478 139902175713024 "GET /tasksCount/ HTTP/1.1" 200 337
INFO 2017-05-02 15:06:44,550 basehttp 8478 139902167320320 "GET /tasksCount/ HTTP/1.1" 200 337
INFO 2017-05-02 15:06:44,554 basehttp 8478 139902158927616 "GET /static/images/favicon.ico HTTP/1.1" 200 1406
INFO 2017-05-02 15:06:45,305 basehttp 8478 139902142142208 "GET /SHGForm/26315/152132/b00d5a6e-2a73-11e7-b73d-0666ef5380a3/e7ef8165-29b2-11e7-a91b-0666ef5380a3/Upload%20disbursement%20docs/ATL/2 HTTP/1.1" 200 29941
INFO 2017-05-02 15:06:45,496 basehttp 8478 139902142142208 "GET /static/datajs/masterData.js?v=1493717797.81 HTTP/1.1" 200 6196
INFO 2017-05-02 15:06:45,509 basehttp 8478 139902158927616 "GET /static/datajs/mysidenav.js?v=1493717797.81 HTTP/1.1" 200 1022
ERROR 2017-05-02 15:07:05,108 exception 8478 139902158927616 Internal Server Error: /disburseDocsData/152132
Traceback (most recent call last):
  File "/home/analyzer/virtual_environment/shg/local/lib/python2.7/site-packages/django/core/handlers/exception.py", line 39, in inner
    response = get_response(request)
  File "/home/analyzer/virtual_environment/shg/local/lib/python2.7/site-packages/django/core/handlers/base.py", line 187, in _get_response
    response = self.process_exception_by_middleware(e, request)
  File "/home/analyzer/virtual_environment/shg/local/lib/python2.7/site-packages/django/core/handlers/base.py", line 185, in _get_response
    response = wrapped_callback(request, *callback_args, **callback_kwargs)
  File "/home/analyzer/shg_staging_test/shg_bpm_portal/shgapp/views/decorator.py", line 22, in checkLastLogin
    return func(request, *args, **kwargs)
  File "/home/analyzer/shg_staging_test/shg_bpm_portal/shgapp/views/kyc.py", line 453, in disburseDocsData
    errorLog.error("Exception raised inside disburseDocsData(request, loanId):" + e)
TypeError: cannot concatenate 'str' and 'ShgInvalidRequest' objects
ERROR 2017-05-02 15:07:05,125 basehttp 8478 139902158927616 "GET /disburseDocsData/152132 HTTP/1.1" 500 18220
INFO 2017-05-02 15:07:05,135 basehttp 8478 139902142142208 "GET /tasksCount/ HTTP/1.1" 200 337
INFO 2017-05-02 15:07:05,298 basehttp 8478 139902142142208 "POST /masterDataBank/ HTTP/1.1" 200 51272
INFO 2017-05-02 15:07:05,620 basehttp 8478 139902142142208 "POST /groupRoleDetails/ HTTP/1.1" 200 913
INFO 2017-05-02 15:07:36,665 basehttp 8478 139902142142208 "GET /server_error/ HTTP/1.1" 200 15164
INFO 2017-05-02 15:07:36,669 basehttp 8478 139902158927616 "GET /getGroupData/26315/152132/Upload%20disbursement%20docs HTTP/1.1" 200 165
INFO 2017-05-02 15:07:36,795 basehttp 8478 139902167320320 "GET /static/js/ace-extra.min.js?v=1493717797.81 HTTP/1.1" 200 10377
INFO 2017-05-02 15:07:36,805 basehttp 8478 139902175713024 "GET /static/js/jquery.imagebox.js HTTP/1.1" 200 7273
INFO 2017-05-02 15:07:36,920 basehttp 8478 139902158927616 "GET /static/css/bootstrap.min_errorpage.css HTTP/1.1" 200 148442
INFO 2017-05-02 15:07:36,938 basehttp 8478 139902142142208 "GET /static/js/jquery-2.1.4.min.js?v=1493717797.81 HTTP/1.1" 200 84380
INFO 2017-05-02 15:07:37,650 basehttp 8478 139902142142208 "GET /tasksCount/ HTTP/1.1" 200 337
WARNING 2017-05-02 15:07:37,750 basehttp 8478 139902158927616 "GET /static/js/jquery.min.map HTTP/1.1" 404 1668
INFO 2017-05-02 15:07:37,784 basehttp 8478 139902142142208 "GET /tasksCount/ HTTP/1.1" 200 337
INFO 2017-05-02 15:07:54,791 basehttp 8478 139902142142208 "GET /server_error/ HTTP/1.1" 200 15164
WARNING 2017-05-02 15:07:55,362 basehttp 8478 139902142142208 "GET /static/js/jquery.min.map HTTP/1.1" 404 1668
INFO 2017-05-02 15:08:15,526 basehttp 8478 139902142142208 "GET /tasksCount/ HTTP/1.1" 200 337
INFO 2017-05-02 15:08:48,269 basehttp 8524 140404053784320 "GET /server_error/ HTTP/1.1" 200 15164
INFO 2017-05-02 15:08:48,430 basehttp 8524 140404044605184 "GET /static/js/ace-extra.min.js?v=1493717922.54 HTTP/1.1" 200 10377
INFO 2017-05-02 15:08:48,440 basehttp 8524 140404036212480 "GET /static/js/bootstrap.min.js?v=1493717922.54 HTTP/1.1" 200 36868
INFO 2017-05-02 15:08:48,450 basehttp 8524 140403823081216 "GET /static/js/jquery-confirm.js?v=1493717922.54 HTTP/1.1" 200 22450
INFO 2017-05-02 15:08:48,461 basehttp 8524 140403814688512 "GET /static/js/ace-elements.min.js?v=1493717922.54 HTTP/1.1" 200 62856
INFO 2017-05-02 15:08:48,566 basehttp 8524 140404053784320 "GET /static/js/jquery-2.1.4.min.js?v=1493717922.54 HTTP/1.1" 200 84380
INFO 2017-05-02 15:08:48,851 basehttp 8524 140403806295808 "GET /static/js/ace.min.js?v=1493717922.54 HTTP/1.1" 200 92124
INFO 2017-05-02 15:08:49,032 basehttp 8524 140404053784320 "GET /static/js/jquery-ui.min.js?v=1493717922.54 HTTP/1.1" 200 240333
INFO 2017-05-02 15:08:49,410 basehttp 8524 140403806295808 "GET /static/datajs/loadTaskList.js?v=1493717922.54 HTTP/1.1" 200 18363
WARNING 2017-05-02 15:08:49,619 basehttp 8524 140404053784320 "GET /static/js/jquery.min.map HTTP/1.1" 404 1668
INFO 2017-05-02 15:08:49,765 basehttp 8524 140403806295808 "GET /tasksCount/ HTTP/1.1" 200 337
INFO 2017-05-02 15:08:49,916 basehttp 8524 140403806295808 "GET /tasksCount/ HTTP/1.1" 200 337
INFO 2017-05-02 15:08:50,086 basehttp 8524 140403806295808 "GET /assignedTaskList/ HTTP/1.1" 200 21491
INFO 2017-05-02 15:08:50,330 basehttp 8524 140403806295808 "GET /static/js/jquery.imagebox.js?v=1493717922.54 HTTP/1.1" 200 7273
WARNING 2017-05-02 15:08:50,652 basehttp 8524 140404053784320 "GET /static/js/jquery.min.map HTTP/1.1" 404 1668
INFO 2017-05-02 15:08:50,758 basehttp 8524 140403806295808 "GET /static/datajs/grouplist.js?v=1493717922.54 HTTP/1.1" 200 117085
INFO 2017-05-02 15:08:51,023 basehttp 8524 140403806295808 "GET /tasksCount/ HTTP/1.1" 200 337
INFO 2017-05-02 15:08:51,187 basehttp 8524 140403806295808 "GET /tasksCount/ HTTP/1.1" 200 337
INFO 2017-05-02 15:08:52,064 basehttp 8524 140403806295808 "GET /assignedTaskList/ HTTP/1.1" 200 21491
WARNING 2017-05-02 15:08:52,592 basehttp 8524 140403806295808 "GET /static/js/jquery.min.map HTTP/1.1" 404 1668
INFO 2017-05-02 15:08:52,696 basehttp 8524 140403806295808 "GET /tasksCount/ HTTP/1.1" 200 337
INFO 2017-05-02 15:08:52,857 basehttp 8524 140403806295808 "GET /tasksCount/ HTTP/1.1" 200 337
INFO 2017-05-02 15:08:53,793 basehttp 8524 140403806295808 "GET /SHGForm/26315/152132/b00d5a6e-2a73-11e7-b73d-0666ef5380a3/e7ef8165-29b2-11e7-a91b-0666ef5380a3/Upload%20disbursement%20docs/ATL/2 HTTP/1.1" 200 29941
INFO 2017-05-02 15:08:53,919 basehttp 8524 140403806295808 "GET /static/datajs/masterData.js?v=1493717922.54 HTTP/1.1" 200 6196
INFO 2017-05-02 15:08:53,932 basehttp 8524 140404053784320 "GET /static/datajs/mysidenav.js?v=1493717922.54 HTTP/1.1" 200 1022
INFO 2017-05-02 15:08:54,318 basehttp 8524 140404053784320 "GET /static/datajs/DocUPload.js?v=1493717922.54 HTTP/1.1" 200 11178
INFO 2017-05-02 15:08:54,518 basehttp 8524 140404053784320 "GET /disburseDocsData/152132 HTTP/1.1" 200 4777
INFO 2017-05-02 15:08:54,547 basehttp 8524 140403806295808 "GET /tasksCount/ HTTP/1.1" 200 337
INFO 2017-05-02 15:08:54,649 basehttp 8524 140403806295808 "POST /masterDataBank/ HTTP/1.1" 200 51272
INFO 2017-05-02 15:08:55,086 basehttp 8524 140403806295808 "GET /DocumentView/152132 HTTP/1.1" 200 6587
INFO 2017-05-02 15:08:55,117 basehttp 8524 140404053784320 "POST /groupRoleDetails/ HTTP/1.1" 200 913
INFO 2017-05-02 15:08:55,217 basehttp 8524 140404053784320 "GET /loanDocument/2 HTTP/1.1" 200 1287
INFO 2017-05-02 15:08:55,396 basehttp 8524 140404053784320 "GET /tasksCount/ HTTP/1.1" 200 337
INFO 2017-05-02 15:08:55,468 basehttp 8524 140404053784320 "POST /masterDataBank/ HTTP/1.1" 200 51272
INFO 2017-05-02 15:08:55,480 basehttp 8524 140403806295808 "POST /masterIDProof/ HTTP/1.1" 200 1213
INFO 2017-05-02 15:08:55,494 basehttp 8524 140403814688512 "POST /masterAddressProof/ HTTP/1.1" 200 1190
INFO 2017-05-02 15:08:55,508 basehttp 8524 140403823081216 "POST /masterLoanPurpose/ HTTP/1.1" 200 7304
INFO 2017-05-02 15:08:55,583 basehttp 8524 140403823081216 "GET /getGroupData/26315/152132/Upload%20disbursement%20docs HTTP/1.1" 200 165
INFO 2017-05-02 16:02:29,311 basehttp 8701 140074240698112 "GET /signin/ HTTP/1.1" 200 9302
INFO 2017-05-02 16:02:31,513 basehttp 8701 140074223912704 "GET /static/css/fonts.googleapis.com.css HTTP/1.1" 200 444
INFO 2017-05-02 16:02:31,751 basehttp 8701 140074198734592 "GET /static/css/ace-rtl.min.css HTTP/1.1" 200 149246
INFO 2017-05-02 16:02:31,774 basehttp 8701 140074207127296 "GET /static/js/jquery-2.1.4.min.js HTTP/1.1" 200 84380
INFO 2017-05-02 16:02:31,968 basehttp 8701 140074223912704 "GET /static/js/ace-extra.min.js HTTP/1.1" 200 10377
INFO 2017-05-02 16:02:32,842 basehttp 8701 140074240698112 "GET /static/css/bootstrap.min.css HTTP/1.1" 200 148422
INFO 2017-05-02 16:02:34,939 basehttp 8701 140074232305408 "GET /static/font-awesome/4.5.0/css/font-awesome.min.css HTTP/1.1" 200 27466
INFO 2017-05-02 16:02:35,272 basehttp 8701 140074240698112 "GET /static/js/bowser.js HTTP/1.1" 200 16961
INFO 2017-05-02 16:02:35,848 basehttp 8701 140074240698112 "GET /static/js/bootstrap.min.js?v=1493720296.73 HTTP/1.1" 200 36868
INFO 2017-05-02 16:02:36,926 basehttp 8701 140074240698112 "GET /static/js/ace-elements.min.js?v=1493720296.73 HTTP/1.1" 200 62856
INFO 2017-05-02 16:02:38,126 basehttp 8701 140074240698112 "GET /static/js/ace.min.js?v=1493720296.73 HTTP/1.1" 200 92124
INFO 2017-05-02 16:02:38,545 basehttp 8701 140074215520000 "GET /static/css/ace.min.css HTTP/1.1" 200 502252
INFO 2017-05-02 16:02:39,226 basehttp 8701 140074232305408 "GET /static/fonts/DXI1ORHCpsQm3Vp6mXoaTXhCUOGz7vYGh680lGh-uXM.woff HTTP/1.1" 200 20848
INFO 2017-05-02 16:02:39,236 basehttp 8701 140074223912704 "GET /static/fonts/cJZKeOuBrn4kERxqtaUH3T8E0i7KZn-EPnyo3HZu7kw.woff HTTP/1.1" 200 20248
INFO 2017-05-02 16:02:39,361 basehttp 8701 140074240698112 "GET /static/font-awesome/4.5.0/fonts/fontawesome-webfont.woff2?v=4.5.0 HTTP/1.1" 200 66624
INFO 2017-05-02 16:02:39,910 basehttp 8701 140074215520000 "GET /static/images/logo_header.png HTTP/1.1" 200 6317
INFO 2017-05-02 16:04:41,169 basehttp 8932 140312930522880 "GET /SHGForm/26315/152132/b00d5a6e-2a73-11e7-b73d-0666ef5380a3/e7ef8165-29b2-11e7-a91b-0666ef5380a3/Upload%20disbursement%20docs/ATL/2 HTTP/1.1" 302 0
INFO 2017-05-02 16:04:41,243 basehttp 8932 140312922130176 "GET /signin/ HTTP/1.1" 200 9302
INFO 2017-05-02 16:04:41,329 basehttp 8932 140312913737472 "GET /static/css/bootstrap.min.css HTTP/1.1" 304 0
INFO 2017-05-02 16:04:41,341 basehttp 8932 140312905344768 "GET /static/font-awesome/4.5.0/css/font-awesome.min.css HTTP/1.1" 304 0
INFO 2017-05-02 16:04:41,351 basehttp 8932 140312689243904 "GET /static/css/fonts.googleapis.com.css HTTP/1.1" 304 0
INFO 2017-05-02 16:04:41,363 basehttp 8932 140312680851200 "GET /static/css/ace.min.css HTTP/1.1" 304 0
INFO 2017-05-02 16:04:41,377 basehttp 8932 140312680851200 "GET /static/css/ace-rtl.min.css HTTP/1.1" 304 0
INFO 2017-05-02 16:04:41,399 basehttp 8932 140312680851200 "GET /static/js/jquery-2.1.4.min.js HTTP/1.1" 304 0
INFO 2017-05-02 16:04:41,433 basehttp 8932 140312680851200 "GET /static/js/ace-extra.min.js HTTP/1.1" 304 0
INFO 2017-05-02 16:04:41,446 basehttp 8932 140312680851200 "GET /static/js/bowser.js HTTP/1.1" 304 0
INFO 2017-05-02 16:04:41,526 basehttp 8932 140312680851200 "GET /static/js/bootstrap.min.js?v=1493721270.28 HTTP/1.1" 200 36868
INFO 2017-05-02 16:04:41,546 basehttp 8932 140312680851200 "GET /static/js/ace-elements.min.js?v=1493721270.28 HTTP/1.1" 200 62856
INFO 2017-05-02 16:04:41,576 basehttp 8932 140312905344768 "GET /static/images/logo_header.png HTTP/1.1" 304 0
INFO 2017-05-02 16:04:41,756 basehttp 8932 140312689243904 "GET /static/js/ace.min.js?v=1493721270.28 HTTP/1.1" 200 92124
INFO 2017-05-02 16:04:42,030 basehttp 8932 140312689243904 "GET /static/images/favicon.ico HTTP/1.1" 304 0
INFO 2017-05-02 16:04:44,967 basehttp 8932 140312689243904 "POST /signin/ HTTP/1.1" 302 0
INFO 2017-05-02 16:04:45,098 basehttp 8932 140312689243904 "GET / HTTP/1.1" 200 24219
INFO 2017-05-02 16:04:45,226 basehttp 8932 140312689243904 "GET /static/css/bootstrap-datepicker3.min.css HTTP/1.1" 304 0
INFO 2017-05-02 16:04:45,237 basehttp 8932 140312905344768 "GET /static/css/jquery-ui.min.css HTTP/1.1" 304 0
INFO 2017-05-02 16:04:45,247 basehttp 8932 140312680851200 "GET /static/css/ace-skins.min.css HTTP/1.1" 304 0
INFO 2017-05-02 16:04:45,260 basehttp 8932 140312913737472 "GET /static/css/icon.min.css HTTP/1.1" 304 0
INFO 2017-05-02 16:04:45,271 basehttp 8932 140312929998592 "GET /static/css/responsible_table.css HTTP/1.1" 304 0
INFO 2017-05-02 16:04:45,493 basehttp 8932 140312680851200 "GET /static/css/comments.css HTTP/1.1" 304 0
INFO 2017-05-02 16:04:45,508 basehttp 8932 140312929998592 "GET /static/css/jquery-confirm.css HTTP/1.1" 304 0
INFO 2017-05-02 16:04:45,519 basehttp 8932 140312913737472 "GET /static/js/datatables.min.js HTTP/1.1" 304 0
INFO 2017-05-02 16:04:45,531 basehttp 8932 140312905344768 "GET /static/js/dataTables.fixedHeader.min.js HTTP/1.1" 304 0
INFO 2017-05-02 16:04:45,542 basehttp 8932 140312689243904 "GET /static/js/fnPagingInfo.js HTTP/1.1" 304 0
INFO 2017-05-02 16:04:45,566 basehttp 8932 140312672458496 "GET /static/js/bootstrap-datepicker.min.js HTTP/1.1" 304 0
INFO 2017-05-02 16:04:45,623 basehttp 8932 140312672458496 "GET /static/js/jquery-confirm.js?v=1493721270.28 HTTP/1.1" 200 22450
INFO 2017-05-02 16:04:45,672 basehttp 8932 140312689243904 "GET /static/js/jquery-file-upload/vendor/jquery.ui.widget.js HTTP/1.1" 304 0
INFO 2017-05-02 16:04:45,697 basehttp 8932 140312689243904 "GET /static/js/jquery-file-upload/jquery.iframe-transport.js HTTP/1.1" 304 0
INFO 2017-05-02 16:04:45,708 basehttp 8932 140312905344768 "GET /static/js/jquery-file-upload/jquery.fileupload.js HTTP/1.1" 304 0
INFO 2017-05-02 16:04:45,724 basehttp 8932 140312913737472 "GET /static/js/jquery.dataTables.min.js HTTP/1.1" 304 0
INFO 2017-05-02 16:04:45,813 basehttp 8932 140312905344768 "GET /static/js/jquery.dataTables.bootstrap.min.js HTTP/1.1" 304 0
INFO 2017-05-02 16:04:45,840 basehttp 8932 140312913737472 "GET /static/js/dataTables.buttons.min.js HTTP/1.1" 304 0
INFO 2017-05-02 16:04:45,851 basehttp 8932 140312905344768 "GET /static/js/buttons.flash.min.js HTTP/1.1" 304 0
INFO 2017-05-02 16:04:46,218 basehttp 8932 140312689243904 "GET /static/js/buttons.html5.min.js HTTP/1.1" 304 0
INFO 2017-05-02 16:04:46,241 basehttp 8932 140312929998592 "GET /static/js/buttons.print.min.js HTTP/1.1" 304 0
INFO 2017-05-02 16:04:46,334 basehttp 8932 140312905344768 "GET /static/js/buttons.colVis.min.js HTTP/1.1" 304 0
INFO 2017-05-02 16:04:46,347 basehttp 8932 140312913737472 "GET /static/js/dataTables.select.min.js HTTP/1.1" 304 0
INFO 2017-05-02 16:04:46,366 basehttp 8932 140312672458496 "GET /static/js/jquery-ui.min.js?v=1493721270.28 HTTP/1.1" 200 240333
INFO 2017-05-02 16:04:46,368 basehttp 8932 140312680851200 "GET /static/js/jquery.imagebox.js?v=1493721270.28 HTTP/1.1" 200 7273
INFO 2017-05-02 16:04:46,514 basehttp 8932 140312913737472 "GET /static/js/moment.min.js HTTP/1.1" 304 0
INFO 2017-05-02 16:04:46,631 basehttp 8932 140312680851200 "GET /static/js/jquery.alphanumeric.js HTTP/1.1" 304 0
INFO 2017-05-02 16:04:46,645 basehttp 8932 140312905344768 "GET /static/datajs/loadTaskList.js?v=1493721270.28 HTTP/1.1" 200 18363
INFO 2017-05-02 16:04:46,837 basehttp 8932 140312672458496 "GET /static/js/jquery.inputlimiter.min.js HTTP/1.1" 304 0
INFO 2017-05-02 16:04:46,991 basehttp 8932 140312672458496 "GET /static/js/viewer.js HTTP/1.1" 304 0
INFO 2017-05-02 16:04:47,009 basehttp 8932 140312905344768 "GET /static/fonts/glyphicons-halflings-regular.woff2 HTTP/1.1" 304 0
INFO 2017-05-02 16:04:47,019 basehttp 8932 140312680851200 "GET /static/js/imageViewer.js HTTP/1.1" 304 0
INFO 2017-05-02 16:04:47,030 basehttp 8932 140312913737472 "GET /static/images/madura_logo.gif HTTP/1.1" 304 0
INFO 2017-05-02 16:04:47,041 basehttp 8932 140312689243904 "GET /static/images/chrome_icon.png HTTP/1.1" 304 0
INFO 2017-05-02 16:04:47,056 basehttp 8932 140312929998592 "GET /static/images/firefox_icon.png HTTP/1.1" 304 0
INFO 2017-05-02 16:04:47,312 basehttp 8932 140312929998592 "GET /tasksCount/ HTTP/1.1" 200 337
INFO 2017-05-02 16:04:47,536 basehttp 8932 140312929998592 "GET /tasksCount/ HTTP/1.1" 200 337
INFO 2017-05-02 16:04:52,367 basehttp 8932 140312929998592 "GET /assignedTaskList/ HTTP/1.1" 200 21491
INFO 2017-05-02 16:04:52,813 basehttp 8932 140312929998592 "GET /static/datajs/grouplist.js?v=1493721270.28 HTTP/1.1" 200 117085
INFO 2017-05-02 16:04:53,214 basehttp 8932 140312929998592 "GET /tasksCount/ HTTP/1.1" 200 337
INFO 2017-05-02 16:04:53,361 basehttp 8932 140312929998592 "GET /tasksCount/ HTTP/1.1" 200 337
INFO 2017-05-02 16:04:54,384 basehttp 8932 140312929998592 "GET /SHGForm/26315/152132/b00d5a6e-2a73-11e7-b73d-0666ef5380a3/e7ef8165-29b2-11e7-a91b-0666ef5380a3/Upload%20disbursement%20docs/ATL/2 HTTP/1.1" 200 29941
INFO 2017-05-02 16:04:54,528 basehttp 8932 140312929998592 "GET /static/datajs/masterData.js?v=1493721270.28 HTTP/1.1" 200 6196
INFO 2017-05-02 16:04:54,540 basehttp 8932 140312689243904 "GET /static/datajs/mysidenav.js?v=1493721270.28 HTTP/1.1" 200 1022
INFO 2017-05-02 16:04:54,599 basehttp 8932 140312913737472 "GET /static/datajs/DocUPload.js?v=1493721270.28 HTTP/1.1" 200 11178
INFO 2017-05-02 16:04:54,784 basehttp 8932 140312913737472 "GET /disburseDocsData/152132 HTTP/1.1" 200 4777
INFO 2017-05-02 16:04:54,791 basehttp 8932 140312929998592 "GET /static/images/ajax-loader.gif HTTP/1.1" 304 0
INFO 2017-05-02 16:04:54,832 basehttp 8932 140312689243904 "GET /tasksCount/ HTTP/1.1" 200 337
INFO 2017-05-02 16:04:54,926 basehttp 8932 140312689243904 "POST /masterDataBank/ HTTP/1.1" 200 51272
INFO 2017-05-02 16:04:55,435 basehttp 8932 140312929998592 "POST /groupRoleDetails/ HTTP/1.1" 200 913
INFO 2017-05-02 16:04:55,447 basehttp 8932 140312689243904 "GET /DocumentView/152132 HTTP/1.1" 200 6587
INFO 2017-05-02 16:04:55,573 basehttp 8932 140312689243904 "GET /loanDocument/2 HTTP/1.1" 200 1287
INFO 2017-05-02 16:04:55,741 basehttp 8932 140312689243904 "GET /tasksCount/ HTTP/1.1" 200 337
INFO 2017-05-02 16:04:55,796 basehttp 8932 140312689243904 "POST /masterDataBank/ HTTP/1.1" 200 51272
INFO 2017-05-02 16:04:55,810 basehttp 8932 140312929998592 "POST /masterIDProof/ HTTP/1.1" 200 1213
INFO 2017-05-02 16:04:55,828 basehttp 8932 140312913737472 "POST /masterAddressProof/ HTTP/1.1" 200 1190
INFO 2017-05-02 16:04:55,843 basehttp 8932 140312680851200 "POST /masterLoanPurpose/ HTTP/1.1" 200 7304
INFO 2017-05-02 16:04:55,872 basehttp 8932 140312905344768 "GET /getGroupData/26315/152132/Upload%20disbursement%20docs HTTP/1.1" 200 165
INFO 2017-05-02 16:09:04,025 basehttp 9077 140474242193152 "GET /SHGForm/26315/152132/b00d5a6e-2a73-11e7-b73d-0666ef5380a3/e7ef8165-29b2-11e7-a91b-0666ef5380a3/Upload%20disbursement%20docs/ATL/2 HTTP/1.1" 200 29941
INFO 2017-05-02 16:09:04,101 basehttp 9077 140474233538304 "GET /static/js/bootstrap.min.js?v=1493721543.13 HTTP/1.1" 200 36868
INFO 2017-05-02 16:09:04,111 basehttp 9077 140474018952960 "GET /static/js/jquery-confirm.js?v=1493721543.13 HTTP/1.1" 200 22450
INFO 2017-05-02 16:09:04,126 basehttp 9077 140474010560256 "GET /static/js/ace-elements.min.js?v=1493721543.13 HTTP/1.1" 200 62856
INFO 2017-05-02 16:09:04,359 basehttp 9077 140474018952960 "GET /static/js/jquery.imagebox.js?v=1493721543.13 HTTP/1.1" 200 7273
INFO 2017-05-02 16:09:04,390 basehttp 9077 140474002167552 "GET /static/js/ace.min.js?v=1493721543.13 HTTP/1.1" 200 92124
INFO 2017-05-02 16:09:04,584 basehttp 9077 140474018952960 "GET /static/datajs/loadTaskList.js?v=1493721543.13 HTTP/1.1" 200 18363
INFO 2017-05-02 16:09:04,718 basehttp 9077 140474002167552 "GET /static/datajs/grouplist.js?v=1493721543.13 HTTP/1.1" 200 117085
INFO 2017-05-02 16:09:04,750 basehttp 9077 140474002167552 "GET /static/datajs/masterData.js?v=1493721543.13 HTTP/1.1" 200 6196
INFO 2017-05-02 16:09:04,920 basehttp 9077 140474010560256 "GET /static/js/jquery-ui.min.js?v=1493721543.13 HTTP/1.1" 200 240333
INFO 2017-05-02 16:09:11,258 basehttp 9077 140474010560256 "GET /static/datajs/mysidenav.js?v=1493721543.13 HTTP/1.1" 200 1022
INFO 2017-05-02 16:09:11,270 basehttp 9077 140474002167552 "GET /static/datajs/DocUPload.js?v=1493721543.13 HTTP/1.1" 200 11178
INFO 2017-05-02 16:09:11,347 basehttp 9077 140474018952960 "GET / HTTP/1.1" 200 24219
INFO 2017-05-02 16:09:11,447 basehttp 9077 140474233538304 "GET /tasksCount/ HTTP/1.1" 200 337
INFO 2017-05-02 16:09:11,869 basehttp 9077 140474233538304 "GET /static/fonts/cJZKeOuBrn4kERxqtaUH3T8E0i7KZn-EPnyo3HZu7kw.woff HTTP/1.1" 304 0
INFO 2017-05-02 16:09:11,997 basehttp 9077 140474233538304 "GET /static/font-awesome/4.5.0/fonts/fontawesome-webfont.woff2?v=4.5.0 HTTP/1.1" 304 0
INFO 2017-05-02 16:09:18,851 basehttp 9077 140474233538304 "GET / HTTP/1.1" 200 24219
INFO 2017-05-02 16:09:19,473 basehttp 9077 140474233538304 "GET /tasksCount/ HTTP/1.1" 200 337
WARNING 2017-05-02 16:09:19,478 basehttp 9077 140474018952960 "GET /static/js/jquery.min.map HTTP/1.1" 404 1668
INFO 2017-05-02 16:09:19,648 basehttp 9077 140474018952960 "GET /tasksCount/ HTTP/1.1" 200 337
INFO 2017-05-02 16:09:21,214 basehttp 9077 140474018952960 "GET /assignedTaskList/ HTTP/1.1" 200 21491
INFO 2017-05-02 16:09:21,797 basehttp 9077 140474018952960 "GET /static/fonts/DXI1ORHCpsQm3Vp6mXoaTXhCUOGz7vYGh680lGh-uXM.woff HTTP/1.1" 304 0
WARNING 2017-05-02 16:09:21,842 basehttp 9077 140474018952960 "GET /static/js/jquery.min.map HTTP/1.1" 404 1668
INFO 2017-05-02 16:09:21,879 basehttp 9077 140474233538304 "GET /tasksCount/ HTTP/1.1" 200 337
INFO 2017-05-02 16:09:22,061 basehttp 9077 140474233538304 "GET /tasksCount/ HTTP/1.1" 200 337
INFO 2017-05-02 16:18:22,439 basehttp 9077 140474233538304 "GET /assignedTaskList/ HTTP/1.1" 200 21574
WARNING 2017-05-02 16:18:22,995 basehttp 9077 140474233538304 "GET /static/js/jquery.min.map HTTP/1.1" 404 1668
INFO 2017-05-02 16:18:37,231 basehttp 9077 140474233538304 "GET / HTTP/1.1" 200 24376
INFO 2017-05-02 16:18:37,674 basehttp 9077 140474233538304 "GET /tasksCount/ HTTP/1.1" 200 337
INFO 2017-05-02 16:18:37,819 basehttp 9077 140474233538304 "GET /tasksCount/ HTTP/1.1" 200 337
INFO 2017-05-02 16:36:30,044 basehttp 9329 140049339344640 "GET / HTTP/1.1" 200 24369
INFO 2017-05-02 16:36:30,111 basehttp 9329 140049330951936 "GET /static/css/bootstrap.min.css HTTP/1.1" 304 0
INFO 2017-05-02 16:36:30,124 basehttp 9329 140049322559232 "GET /static/font-awesome/4.5.0/css/font-awesome.min.css HTTP/1.1" 304 0
INFO 2017-05-02 16:36:30,135 basehttp 9329 140049314166528 "GET /static/css/fonts.googleapis.com.css HTTP/1.1" 304 0
INFO 2017-05-02 16:36:30,156 basehttp 9329 140049305773824 "GET /static/css/ace.min.css HTTP/1.1" 304 0
INFO 2017-05-02 16:36:30,172 basehttp 9329 140049297381120 "GET /static/css/bootstrap-datepicker3.min.css HTTP/1.1" 304 0
INFO 2017-05-02 16:36:30,201 basehttp 9329 140049297381120 "GET /static/css/jquery-ui.min.css HTTP/1.1" 304 0
INFO 2017-05-02 16:36:30,219 basehttp 9329 140049297381120 "GET /static/css/ace-skins.min.css HTTP/1.1" 304 0
INFO 2017-05-02 16:36:30,238 basehttp 9329 140049297381120 "GET /static/css/ace-rtl.min.css HTTP/1.1" 304 0
INFO 2017-05-02 16:36:30,249 basehttp 9329 140049305773824 "GET /static/css/icon.min.css HTTP/1.1" 304 0
INFO 2017-05-02 16:36:30,263 basehttp 9329 140049305773824 "GET /static/css/responsible_table.css HTTP/1.1" 304 0
INFO 2017-05-02 16:36:30,277 basehttp 9329 140049305773824 "GET /static/css/comments.css HTTP/1.1" 304 0
INFO 2017-05-02 16:36:30,329 basehttp 9329 140049305773824 "GET /static/css/jquery-confirm.css HTTP/1.1" 304 0
INFO 2017-05-02 16:36:30,355 basehttp 9329 140049305773824 "GET /static/js/jquery-2.1.4.min.js HTTP/1.1" 304 0
INFO 2017-05-02 16:36:30,383 basehttp 9329 140049305773824 "GET /static/js/ace-extra.min.js HTTP/1.1" 304 0
INFO 2017-05-02 16:36:30,402 basehttp 9329 140049305773824 "GET /static/js/datatables.min.js HTTP/1.1" 304 0
INFO 2017-05-02 16:36:30,418 basehttp 9329 140049297381120 "GET /static/js/dataTables.fixedHeader.min.js HTTP/1.1" 304 0
INFO 2017-05-02 16:36:30,429 basehttp 9329 140049314166528 "GET /static/js/fnPagingInfo.js HTTP/1.1" 304 0
INFO 2017-05-02 16:36:30,450 basehttp 9329 140049314166528 "GET /static/js/bootstrap.min.js?v=1493723029.8 HTTP/1.1" 200 36868
INFO 2017-05-02 16:36:30,459 basehttp 9329 140049297381120 "GET /static/js/bootstrap-datepicker.min.js HTTP/1.1" 304 0
INFO 2017-05-02 16:36:30,485 basehttp 9329 140049297381120 "GET /static/js/jquery-confirm.js?v=1493723029.8 HTTP/1.1" 200 22450
INFO 2017-05-02 16:36:30,532 basehttp 9329 140049297381120 "GET /static/js/ace-elements.min.js?v=1493723029.8 HTTP/1.1" 200 62856
INFO 2017-05-02 16:36:30,580 basehttp 9329 140049297381120 "GET /static/js/jquery-file-upload/vendor/jquery.ui.widget.js HTTP/1.1" 304 0
INFO 2017-05-02 16:36:30,718 basehttp 9329 140049297381120 "GET /static/js/jquery-file-upload/jquery.iframe-transport.js HTTP/1.1" 304 0
INFO 2017-05-02 16:36:30,743 basehttp 9329 140049297381120 "GET /static/js/jquery-file-upload/jquery.fileupload.js HTTP/1.1" 304 0
INFO 2017-05-02 16:36:30,761 basehttp 9329 140049322559232 "GET /static/js/jquery.dataTables.min.js HTTP/1.1" 304 0
INFO 2017-05-02 16:36:30,774 basehttp 9329 140049305773824 "GET /static/js/ace.min.js?v=1493723029.8 HTTP/1.1" 200 92124
INFO 2017-05-02 16:36:30,857 basehttp 9329 140049305773824 "GET /static/js/jquery.dataTables.bootstrap.min.js HTTP/1.1" 304 0
INFO 2017-05-02 16:36:30,884 basehttp 9329 140049305773824 "GET /static/js/dataTables.buttons.min.js HTTP/1.1" 304 0
INFO 2017-05-02 16:36:30,918 basehttp 9329 140049305773824 "GET /static/js/buttons.flash.min.js HTTP/1.1" 304 0
INFO 2017-05-02 16:36:30,942 basehttp 9329 140049305773824 "GET /static/js/buttons.html5.min.js HTTP/1.1" 304 0
INFO 2017-05-02 16:36:30,971 basehttp 9329 140049305773824 "GET /static/js/buttons.print.min.js HTTP/1.1" 304 0
INFO 2017-05-02 16:36:31,011 basehttp 9329 140049305773824 "GET /static/js/buttons.colVis.min.js HTTP/1.1" 304 0
INFO 2017-05-02 16:36:31,027 basehttp 9329 140049305773824 "GET /static/js/dataTables.select.min.js HTTP/1.1" 304 0
INFO 2017-05-02 16:36:31,054 basehttp 9329 140049305773824 "GET /static/js/jquery.imagebox.js?v=1493723029.8 HTTP/1.1" 200 7273
INFO 2017-05-02 16:36:31,070 basehttp 9329 140049322559232 "GET /static/js/moment.min.js HTTP/1.1" 304 0
INFO 2017-05-02 16:36:31,093 basehttp 9329 140049322559232 "GET /static/js/jquery.inputlimiter.min.js HTTP/1.1" 304 0
INFO 2017-05-02 16:36:31,126 basehttp 9329 140049322559232 "GET /static/js/jquery.alphanumeric.js HTTP/1.1" 304 0
INFO 2017-05-02 16:36:31,147 basehttp 9329 140049322559232 "GET /static/datajs/loadTaskList.js?v=1493723029.8 HTTP/1.1" 200 18363
INFO 2017-05-02 16:36:31,190 basehttp 9329 140049314166528 "GET /static/js/jquery-ui.min.js?v=1493723029.8 HTTP/1.1" 200 240333
INFO 2017-05-02 16:36:31,309 basehttp 9329 140049314166528 "GET /static/js/viewer.js HTTP/1.1" 304 0
INFO 2017-05-02 16:36:31,421 basehttp 9329 140049314166528 "GET /static/js/imageViewer.js HTTP/1.1" 304 0
INFO 2017-05-02 16:36:31,509 basehttp 9329 140049314166528 "GET /static/fonts/glyphicons-halflings-regular.woff2 HTTP/1.1" 304 0
INFO 2017-05-02 16:36:31,530 basehttp 9329 140049305773824 "GET /static/images/logo_header.png HTTP/1.1" 304 0
INFO 2017-05-02 16:36:31,542 basehttp 9329 140049297381120 "GET /static/images/madura_logo.gif HTTP/1.1" 304 0
INFO 2017-05-02 16:36:31,553 basehttp 9329 140049339344640 "GET /static/images/chrome_icon.png HTTP/1.1" 304 0
INFO 2017-05-02 16:36:31,567 basehttp 9329 140049305773824 "GET /static/images/firefox_icon.png HTTP/1.1" 304 0
INFO 2017-05-02 16:36:31,604 basehttp 9329 140049322559232 "GET /tasksCount/ HTTP/1.1" 200 337
INFO 2017-05-02 16:36:31,689 basehttp 9329 140049322559232 "GET /static/images/favicon.ico HTTP/1.1" 200 1406
INFO 2017-05-02 16:36:31,762 basehttp 9329 140049305773824 "GET /tasksCount/ HTTP/1.1" 200 337
INFO 2017-05-02 16:36:57,038 basehttp 9329 140049305773824 "GET / HTTP/1.1" 200 24369
INFO 2017-05-02 16:36:57,439 basehttp 9329 140049339344640 "GET /static/images/favicon.ico HTTP/1.1" 200 1406
INFO 2017-05-02 16:36:57,444 basehttp 9329 140049322559232 "GET /tasksCount/ HTTP/1.1" 200 337
INFO 2017-05-02 16:36:57,568 basehttp 9329 140049297381120 "GET /tasksCount/ HTTP/1.1" 200 337
INFO 2017-05-02 16:36:58,855 basehttp 9329 140049330951936 "GET /assignedTaskList/ HTTP/1.1" 200 21566
INFO 2017-05-02 16:36:59,088 basehttp 9329 140049314166528 "GET /static/datajs/grouplist.js?v=1493723029.8 HTTP/1.1" 200 117131
INFO 2017-05-02 16:36:59,427 basehttp 9329 140049314166528 "GET /tasksCount/ HTTP/1.1" 200 337
INFO 2017-05-02 16:36:59,600 basehttp 9329 140049314166528 "GET /tasksCount/ HTTP/1.1" 200 337
INFO 2017-05-02 16:37:00,355 basehttp 9329 140049314166528 "GET /SHGForm/26315/152132/b00d5a6e-2a73-11e7-b73d-0666ef5380a3/e7ef8165-29b2-11e7-a91b-0666ef5380a3/Upload%20disbursement%20docs/ATL/2 HTTP/1.1" 200 30032
INFO 2017-05-02 16:37:00,477 basehttp 9329 140049314166528 "GET /static/datajs/masterData.js?v=1493723029.8 HTTP/1.1" 200 6196
INFO 2017-05-02 16:37:00,496 basehttp 9329 140049314166528 "GET /static/datajs/mysidenav.js?v=1493723029.8 HTTP/1.1" 200 1022
INFO 2017-05-02 16:37:00,509 basehttp 9329 140049330951936 "GET /static/datajs/DocUPload.js?v=1493723029.8 HTTP/1.1" 200 11178
INFO 2017-05-02 16:37:00,604 basehttp 9329 140049330951936 "GET /static/images/ajax-loader.gif HTTP/1.1" 304 0
INFO 2017-05-02 16:37:00,702 basehttp 9329 140049330951936 "GET /disburseDocsData/152132 HTTP/1.1" 200 4777
INFO 2017-05-02 16:37:00,733 basehttp 9329 140049314166528 "GET /tasksCount/ HTTP/1.1" 200 337
INFO 2017-05-02 16:37:00,832 basehttp 9329 140049314166528 "POST /masterDataBank/ HTTP/1.1" 200 51272
INFO 2017-05-02 16:37:01,344 basehttp 9329 140049330951936 "POST /groupRoleDetails/ HTTP/1.1" 200 913
INFO 2017-05-02 16:37:01,351 basehttp 9329 140049314166528 "GET /DocumentView/152132 HTTP/1.1" 200 6587
INFO 2017-05-02 16:37:01,483 basehttp 9329 140049314166528 "GET /loanDocument/2 HTTP/1.1" 200 1287
INFO 2017-05-02 16:37:01,663 basehttp 9329 140049314166528 "GET /tasksCount/ HTTP/1.1" 200 337
INFO 2017-05-02 16:37:01,716 basehttp 9329 140049314166528 "POST /masterDataBank/ HTTP/1.1" 200 51272
INFO 2017-05-02 16:37:01,724 basehttp 9329 140049330951936 "POST /masterIDProof/ HTTP/1.1" 200 1213
INFO 2017-05-02 16:37:01,742 basehttp 9329 140049297381120 "POST /masterAddressProof/ HTTP/1.1" 200 1190
INFO 2017-05-02 16:37:01,763 basehttp 9329 140049322559232 "POST /masterLoanPurpose/ HTTP/1.1" 200 7304
INFO 2017-05-02 16:37:01,773 basehttp 9329 140049339344640 "GET /getGroupData/26315/152132/Upload%20disbursement%20docs HTTP/1.1" 200 165
INFO 2017-05-02 16:59:56,612 basehttp 9329 140049339344640 "GET /assignedTaskList/ HTTP/1.1" 200 21566
INFO 2017-05-02 16:59:56,792 basehttp 9329 140049339344640 "GET /static/datajs/grouplist.js?v=1493723029.8 HTTP/1.1" 304 0
INFO 2017-05-02 16:59:57,033 basehttp 9329 140049339344640 "GET /tasksCount/ HTTP/1.1" 200 337
INFO 2017-05-02 16:59:57,190 basehttp 9329 140049339344640 "GET /tasksCount/ HTTP/1.1" 200 337
INFO 2017-05-02 16:59:58,719 basehttp 9329 140049339344640 "GET /SHGForm/26315/152132/b00d5a6e-2a73-11e7-b73d-0666ef5380a3/e7ef8165-29b2-11e7-a91b-0666ef5380a3/Upload%20disbursement%20docs/ATL/2 HTTP/1.1" 200 30032
INFO 2017-05-02 16:59:59,025 basehttp 9329 140049339344640 "GET /disburseDocsData/152132 HTTP/1.1" 200 4777
INFO 2017-05-02 16:59:59,057 basehttp 9329 140049322559232 "GET /tasksCount/ HTTP/1.1" 200 337
INFO 2017-05-02 16:59:59,156 basehttp 9329 140049322559232 "POST /masterDataBank/ HTTP/1.1" 200 51272
INFO 2017-05-02 16:59:59,618 basehttp 9329 140049322559232 "GET /DocumentView/152132 HTTP/1.1" 200 6587
INFO 2017-05-02 16:59:59,655 basehttp 9329 140049339344640 "POST /groupRoleDetails/ HTTP/1.1" 200 913
INFO 2017-05-02 16:59:59,788 basehttp 9329 140049339344640 "GET /loanDocument/2 HTTP/1.1" 200 1287
INFO 2017-05-02 16:59:59,951 basehttp 9329 140049339344640 "GET /tasksCount/ HTTP/1.1" 200 337
INFO 2017-05-02 17:00:00,004 basehttp 9329 140049339344640 "POST /masterDataBank/ HTTP/1.1" 200 51272
INFO 2017-05-02 17:00:00,013 basehttp 9329 140049322559232 "POST /masterIDProof/ HTTP/1.1" 200 1213
INFO 2017-05-02 17:00:00,059 basehttp 9329 140049297381120 "POST /masterAddressProof/ HTTP/1.1" 200 1190
INFO 2017-05-02 17:00:00,078 basehttp 9329 140049330951936 "POST /masterLoanPurpose/ HTTP/1.1" 200 7304
INFO 2017-05-02 17:00:00,089 basehttp 9329 140049314166528 "GET /getGroupData/26315/152132/Upload%20disbursement%20docs HTTP/1.1" 200 165
INFO 2017-05-02 17:20:46,376 basehttp 9329 140049314166528 "GET /assignedTaskList/ HTTP/1.1" 200 21566
INFO 2017-05-02 17:20:46,502 basehttp 9329 140049314166528 "GET /static/css/bootstrap.min.css HTTP/1.1" 304 0
INFO 2017-05-02 17:20:46,514 basehttp 9329 140049330951936 "GET /static/font-awesome/4.5.0/css/font-awesome.min.css HTTP/1.1" 304 0
INFO 2017-05-02 17:20:46,526 basehttp 9329 140049297381120 "GET /static/css/fonts.googleapis.com.css HTTP/1.1" 304 0
INFO 2017-05-02 17:20:46,537 basehttp 9329 140049322559232 "GET /static/css/ace.min.css HTTP/1.1" 304 0
INFO 2017-05-02 17:20:46,548 basehttp 9329 140049339344640 "GET /static/css/bootstrap-datepicker3.min.css HTTP/1.1" 304 0
INFO 2017-05-02 17:20:46,569 basehttp 9329 140049314166528 "GET /static/css/jquery-ui.min.css HTTP/1.1" 304 0
INFO 2017-05-02 17:20:46,604 basehttp 9329 140049314166528 "GET /static/css/ace-skins.min.css HTTP/1.1" 304 0
INFO 2017-05-02 17:20:46,625 basehttp 9329 140049314166528 "GET /static/css/ace-rtl.min.css HTTP/1.1" 304 0
INFO 2017-05-02 17:20:46,638 basehttp 9329 140049339344640 "GET /static/css/icon.min.css HTTP/1.1" 304 0
INFO 2017-05-02 17:20:46,651 basehttp 9329 140049314166528 "GET /static/css/responsible_table.css HTTP/1.1" 304 0
INFO 2017-05-02 17:20:46,710 basehttp 9329 140049339344640 "GET /static/css/comments.css HTTP/1.1" 304 0
INFO 2017-05-02 17:20:46,720 basehttp 9329 140049314166528 "GET /static/css/jquery-confirm.css HTTP/1.1" 304 0
INFO 2017-05-02 17:20:46,794 basehttp 9329 140049322559232 "GET /static/js/jquery-2.1.4.min.js HTTP/1.1" 304 0
INFO 2017-05-02 17:20:46,804 basehttp 9329 140049314166528 "GET /static/js/ace-extra.min.js HTTP/1.1" 304 0
INFO 2017-05-02 17:20:46,818 basehttp 9329 140049339344640 "GET /static/js/datatables.min.js HTTP/1.1" 304 0
INFO 2017-05-02 17:20:46,829 basehttp 9329 140049297381120 "GET /static/js/dataTables.fixedHeader.min.js HTTP/1.1" 304 0
INFO 2017-05-02 17:20:46,841 basehttp 9329 140049314166528 "GET /static/js/fnPagingInfo.js HTTP/1.1" 304 0
INFO 2017-05-02 17:20:46,862 basehttp 9329 140049322559232 "GET /static/js/bootstrap.min.js?v=1493723029.8 HTTP/1.1" 304 0
INFO 2017-05-02 17:20:46,898 basehttp 9329 140049322559232 "GET /static/js/bootstrap-datepicker.min.js HTTP/1.1" 304 0
INFO 2017-05-02 17:20:46,910 basehttp 9329 140049322559232 "GET /static/js/jquery-confirm.js?v=1493723029.8 HTTP/1.1" 304 0
INFO 2017-05-02 17:20:46,936 basehttp 9329 140049322559232 "GET /static/js/ace-elements.min.js?v=1493723029.8 HTTP/1.1" 304 0
INFO 2017-05-02 17:20:46,947 basehttp 9329 140049314166528 "GET /static/js/ace.min.js?v=1493723029.8 HTTP/1.1" 304 0
INFO 2017-05-02 17:20:46,969 basehttp 9329 140049297381120 "GET /static/js/jquery-ui.min.js?v=1493723029.8 HTTP/1.1" 304 0
INFO 2017-05-02 17:20:46,982 basehttp 9329 140049314166528 "GET /static/js/jquery-file-upload/vendor/jquery.ui.widget.js HTTP/1.1" 304 0
INFO 2017-05-02 17:20:47,004 basehttp 9329 140049314166528 "GET /static/js/jquery-file-upload/jquery.iframe-transport.js HTTP/1.1" 304 0
INFO 2017-05-02 17:20:47,017 basehttp 9329 140049314166528 "GET /static/js/jquery-file-upload/jquery.fileupload.js HTTP/1.1" 304 0
INFO 2017-05-02 17:20:47,045 basehttp 9329 140049314166528 "GET /static/js/jquery.dataTables.min.js HTTP/1.1" 304 0
INFO 2017-05-02 17:20:47,058 basehttp 9329 140049297381120 "GET /static/js/jquery.dataTables.bootstrap.min.js HTTP/1.1" 304 0
INFO 2017-05-02 17:20:47,083 basehttp 9329 140049297381120 "GET /static/js/dataTables.buttons.min.js HTTP/1.1" 304 0
INFO 2017-05-02 17:20:47,102 basehttp 9329 140049314166528 "GET /static/js/buttons.flash.min.js HTTP/1.1" 304 0
INFO 2017-05-02 17:20:47,128 basehttp 9329 140049314166528 "GET /static/js/buttons.html5.min.js HTTP/1.1" 304 0
INFO 2017-05-02 17:20:47,132 basehttp 9329 140049297381120 "GET /static/js/buttons.print.min.js HTTP/1.1" 304 0
INFO 2017-05-02 17:20:47,150 basehttp 9329 140049297381120 "GET /static/js/buttons.colVis.min.js HTTP/1.1" 304 0
INFO 2017-05-02 17:20:47,172 basehttp 9329 140049297381120 "GET /static/js/dataTables.select.min.js HTTP/1.1" 304 0
INFO 2017-05-02 17:20:47,211 basehttp 9329 140049297381120 "GET /static/js/jquery.imagebox.js?v=1493723029.8 HTTP/1.1" 304 0
INFO 2017-05-02 17:20:47,234 basehttp 9329 140049314166528 "GET /static/js/moment.min.js HTTP/1.1" 304 0
INFO 2017-05-02 17:20:47,245 basehttp 9329 140049297381120 "GET /static/js/jquery.inputlimiter.min.js HTTP/1.1" 304 0
INFO 2017-05-02 17:20:47,257 basehttp 9329 140049322559232 "GET /static/js/jquery.alphanumeric.js HTTP/1.1" 304 0
INFO 2017-05-02 17:20:47,273 basehttp 9329 140049297381120 "GET /static/datajs/loadTaskList.js?v=1493723029.8 HTTP/1.1" 304 0
INFO 2017-05-02 17:20:47,289 basehttp 9329 140049322559232 "GET /static/datajs/grouplist.js?v=1493723029.8 HTTP/1.1" 304 0
INFO 2017-05-02 17:20:47,403 basehttp 9329 140049322559232 "GET /static/fonts/glyphicons-halflings-regular.woff2 HTTP/1.1" 304 0
INFO 2017-05-02 17:20:47,414 basehttp 9329 140049297381120 "GET /static/images/logo_header.png HTTP/1.1" 304 0
INFO 2017-05-02 17:20:47,425 basehttp 9329 140049314166528 "GET /static/images/chrome_icon.png HTTP/1.1" 304 0
INFO 2017-05-02 17:20:47,437 basehttp 9329 140049339344640 "GET /static/images/firefox_icon.png HTTP/1.1" 304 0
INFO 2017-05-02 17:20:47,448 basehttp 9329 140049330951936 "GET /static/js/viewer.js HTTP/1.1" 304 0
INFO 2017-05-02 17:20:47,501 basehttp 9329 140049330951936 "GET /static/js/imageViewer.js HTTP/1.1" 304 0
INFO 2017-05-02 17:20:47,664 basehttp 9329 140049330951936 "GET /tasksCount/ HTTP/1.1" 200 337
INFO 2017-05-02 17:20:47,836 basehttp 9329 140049330951936 "GET /tasksCount/ HTTP/1.1" 200 337
INFO 2017-05-02 17:20:50,775 basehttp 9329 140049330951936 "GET /signout/ HTTP/1.1" 302 0
INFO 2017-05-02 17:20:50,872 basehttp 9329 140049330951936 "GET /signin/ HTTP/1.1" 200 9299
INFO 2017-05-02 17:20:50,989 basehttp 9329 140049330951936 "GET /static/js/bowser.js HTTP/1.1" 304 0
INFO 2017-05-02 17:20:54,359 basehttp 9329 140049330951936 "POST /signin/ HTTP/1.1" 302 0
INFO 2017-05-02 17:20:54,482 basehttp 9329 140049330951936 "GET / HTTP/1.1" 200 14389
INFO 2017-05-02 17:20:54,640 basehttp 9329 140049330951936 "GET /static/images/madura_logo.gif HTTP/1.1" 200 17714
INFO 2017-05-02 17:20:54,774 basehttp 9329 140049330951936 "GET /tasksCount/ HTTP/1.1" 200 47
INFO 2017-05-02 17:20:54,903 basehttp 9329 140049330951936 "GET /tasksCount/ HTTP/1.1" 200 47
INFO 2017-05-02 17:25:18,628 basehttp 9329 140049330951936 "GET /assignedTaskList/ HTTP/1.1" 200 12362
INFO 2017-05-02 17:25:19,021 basehttp 9329 140049330951936 "GET /tasksCount/ HTTP/1.1" 200 47
INFO 2017-05-02 17:25:19,165 basehttp 9329 140049330951936 "GET /tasksCount/ HTTP/1.1" 200 47
INFO 2017-05-02 17:35:13,652 basehttp 9329 140049330951936 "GET / HTTP/1.1" 302 0
INFO 2017-05-02 17:35:13,713 basehttp 9329 140049339344640 "GET /signin/ HTTP/1.1" 200 9299
INFO 2017-05-02 17:35:13,865 basehttp 9329 140049322559232 "GET /static/css/fonts.googleapis.com.css HTTP/1.1" 200 444
INFO 2017-05-02 17:35:13,866 basehttp 9329 140049297381120 "GET /static/font-awesome/4.5.0/css/font-awesome.min.css HTTP/1.1" 200 27466
INFO 2017-05-02 17:35:14,511 basehttp 9329 140049322559232 "GET /static/js/jquery-2.1.4.min.js HTTP/1.1" 200 84380
INFO 2017-05-02 17:35:14,851 basehttp 9329 140049297381120 "GET /static/css/ace-rtl.min.css HTTP/1.1" 200 149246
INFO 2017-05-02 17:35:14,948 basehttp 9329 140049314166528 "GET /static/css/bootstrap.min.css HTTP/1.1" 200 148422
INFO 2017-05-02 17:35:15,188 basehttp 9329 140049314166528 "GET /static/js/ace-extra.min.js HTTP/1.1" 200 10377
INFO 2017-05-02 17:35:15,352 basehttp 9329 140049314166528 "GET /static/js/bowser.js HTTP/1.1" 200 16961
INFO 2017-05-02 17:35:15,491 basehttp 9329 140049314166528 "GET /static/js/bootstrap.min.js?v=1493723029.8 HTTP/1.1" 200 36868
INFO 2017-05-02 17:35:15,746 basehttp 9329 140049314166528 "GET /static/js/ace-elements.min.js?v=1493723029.8 HTTP/1.1" 200 62856
INFO 2017-05-02 17:35:16,245 basehttp 9329 140049314166528 "GET /static/js/ace.min.js?v=1493723029.8 HTTP/1.1" 200 92124
INFO 2017-05-02 17:35:16,480 basehttp 9329 140049305773824 "GET /static/css/ace.min.css HTTP/1.1" 200 502252
INFO 2017-05-02 17:35:16,570 basehttp 9329 140049305773824 "GET /static/images/logo_header.png HTTP/1.1" 200 6317
INFO 2017-05-02 17:35:16,748 basehttp 9329 140049297381120 "GET /static/fonts/cJZKeOuBrn4kERxqtaUH3T8E0i7KZn-EPnyo3HZu7kw.woff HTTP/1.1" 200 20248
INFO 2017-05-02 17:35:16,749 basehttp 9329 140049314166528 "GET /static/fonts/DXI1ORHCpsQm3Vp6mXoaTXhCUOGz7vYGh680lGh-uXM.woff HTTP/1.1" 200 20848
INFO 2017-05-02 17:35:16,857 basehttp 9329 140049305773824 "GET /static/font-awesome/4.5.0/fonts/fontawesome-webfont.woff2?v=4.5.0 HTTP/1.1" 200 66624
INFO 2017-05-02 17:35:26,258 basehttp 9329 140049305773824 "POST /signin/ HTTP/1.1" 302 0
INFO 2017-05-02 17:35:26,380 basehttp 9329 140049305773824 "GET / HTTP/1.1" 200 14389
INFO 2017-05-02 17:35:26,477 basehttp 9329 140049305773824 "GET /static/css/bootstrap-datepicker3.min.css HTTP/1.1" 200 20645
INFO 2017-05-02 17:35:26,478 basehttp 9329 140049297381120 "GET /static/css/jquery-ui.min.css HTTP/1.1" 200 16362
INFO 2017-05-02 17:35:26,480 basehttp 9329 140049322559232 "GET /static/css/icon.min.css HTTP/1.1" 200 1582
INFO 2017-05-02 17:35:26,481 basehttp 9329 140049297381120 "GET /static/css/responsible_table.css HTTP/1.1" 200 1252
INFO 2017-05-02 17:35:26,526 basehttp 9329 140049297381120 "GET /static/css/comments.css HTTP/1.1" 200 906
INFO 2017-05-02 17:35:26,639 basehttp 9329 140049297381120 "GET /static/css/jquery-confirm.css HTTP/1.1" 200 13368
INFO 2017-05-02 17:35:26,745 basehttp 9329 140049297381120 "GET /static/js/dataTables.fixedHeader.min.js HTTP/1.1" 200 10342
INFO 2017-05-02 17:35:26,813 basehttp 9329 140049297381120 "GET /static/js/fnPagingInfo.js HTTP/1.1" 200 1478
INFO 2017-05-02 17:35:26,917 basehttp 9329 140049297381120 "GET /static/js/bootstrap-datepicker.min.js HTTP/1.1" 200 34389
INFO 2017-05-02 17:35:26,961 basehttp 9329 140049297381120 "GET /static/js/jquery-confirm.js?v=1493723029.8 HTTP/1.1" 200 22450
INFO 2017-05-02 17:35:27,227 basehttp 9329 140049314166528 "GET /static/css/ace-skins.min.css HTTP/1.1" 200 94520
INFO 2017-05-02 17:35:27,290 basehttp 9329 140049314166528 "GET /static/js/jquery-file-upload/vendor/jquery.ui.widget.js HTTP/1.1" 200 16089
INFO 2017-05-02 17:35:27,300 basehttp 9329 140049314166528 "GET /static/js/jquery-file-upload/jquery.iframe-transport.js HTTP/1.1" 200 10724
INFO 2017-05-02 17:35:27,339 basehttp 9329 140049314166528 "GET /static/js/jquery-file-upload/jquery.fileupload.js HTTP/1.1" 200 63994
INFO 2017-05-02 17:35:28,062 basehttp 9329 140049314166528 "GET /static/js/jquery.dataTables.min.js HTTP/1.1" 200 83228
INFO 2017-05-02 17:35:28,245 basehttp 9329 140049314166528 "GET /static/js/jquery.dataTables.bootstrap.min.js HTTP/1.1" 200 3846
INFO 2017-05-02 17:35:28,407 basehttp 9329 140049314166528 "GET /static/js/dataTables.buttons.min.js HTTP/1.1" 200 16188
INFO 2017-05-02 17:35:28,597 basehttp 9329 140049314166528 "GET /static/js/buttons.flash.min.js HTTP/1.1" 200 10859
INFO 2017-05-02 17:35:28,621 basehttp 9329 140049314166528 "GET /static/js/buttons.html5.min.js HTTP/1.1" 200 11541
INFO 2017-05-02 17:35:28,642 basehttp 9329 140049314166528 "GET /static/js/buttons.print.min.js HTTP/1.1" 200 1810
INFO 2017-05-02 17:35:28,755 basehttp 9329 140049314166528 "GET /static/js/buttons.colVis.min.js HTTP/1.1" 200 2698
INFO 2017-05-02 17:35:28,806 basehttp 9329 140049314166528 "GET /static/js/dataTables.select.min.js HTTP/1.1" 200 10848
INFO 2017-05-02 17:35:28,811 basehttp 9329 140049314166528 "GET /static/js/jquery.imagebox.js?v=1493723029.8 HTTP/1.1" 200 7273
INFO 2017-05-02 17:35:28,919 basehttp 9329 140049314166528 "GET /static/js/moment.min.js HTTP/1.1" 200 40700
INFO 2017-05-02 17:35:28,959 basehttp 9329 140049314166528 "GET /static/js/jquery.inputlimiter.min.js HTTP/1.1" 200 4299
INFO 2017-05-02 17:35:28,978 basehttp 9329 140049314166528 "GET /static/js/jquery.alphanumeric.js HTTP/1.1" 200 1820
INFO 2017-05-02 17:35:29,798 basehttp 9329 140049297381120 "GET /static/js/jquery-ui.min.js?v=1493723029.8 HTTP/1.1" 200 240333
INFO 2017-05-02 17:35:30,201 basehttp 9329 140049322559232 "GET /static/js/datatables.min.js HTTP/1.1" 200 692211
INFO 2017-05-02 17:35:30,491 basehttp 9329 140049322559232 "GET /static/datajs/loadTaskList.js?v=1493723029.8 HTTP/1.1" 200 18363
INFO 2017-05-02 17:35:30,654 basehttp 9329 140049322559232 "GET /static/fonts/glyphicons-halflings-regular.woff2 HTTP/1.1" 200 18028
INFO 2017-05-02 17:35:30,656 basehttp 9329 140049297381120 "GET /static/js/viewer.js HTTP/1.1" 200 62268
INFO 2017-05-02 17:35:30,665 basehttp 9329 140049305773824 "GET /static/images/chrome_icon.png HTTP/1.1" 200 762
INFO 2017-05-02 17:35:30,666 basehttp 9329 140049314166528 "GET /static/js/imageViewer.js HTTP/1.1" 200 1757
INFO 2017-05-02 17:35:30,666 basehttp 9329 140049297381120 "GET /static/images/madura_logo.gif HTTP/1.1" 200 17714
INFO 2017-05-02 17:35:31,398 basehttp 9329 140049297381120 "GET /tasksCount/ HTTP/1.1" 200 47
INFO 2017-05-02 17:35:31,524 basehttp 9329 140049297381120 "GET /tasksCount/ HTTP/1.1" 200 47
INFO 2017-05-02 17:35:31,990 basehttp 9329 140049297381120 "GET /taskListLoanType/KYC%20Check HTTP/1.1" 200 13947
INFO 2017-05-02 17:35:32,123 basehttp 9329 140049297381120 "GET /static/js/bootstrap.min.js?v= HTTP/1.1" 200 36868
INFO 2017-05-02 17:35:32,124 basehttp 9329 140049314166528 "GET /static/js/jquery-confirm.js?v= HTTP/1.1" 200 22450
INFO 2017-05-02 17:35:32,125 basehttp 9329 140049305773824 "GET /static/js/ace-elements.min.js?v= HTTP/1.1" 200 62856
INFO 2017-05-02 17:35:32,584 basehttp 9329 140049297381120 "GET /static/js/jquery.imagebox.js?v= HTTP/1.1" 200 7273
INFO 2017-05-02 17:35:32,689 basehttp 9329 140049314166528 "GET /static/js/ace.min.js?v= HTTP/1.1" 200 92124
INFO 2017-05-02 17:35:32,719 basehttp 9329 140049314166528 "GET /static/datajs/loadTaskList.js?v= HTTP/1.1" 200 18363
INFO 2017-05-02 17:35:33,282 basehttp 9329 140049305773824 "GET /static/js/jquery-ui.min.js?v= HTTP/1.1" 200 240333
INFO 2017-05-02 17:35:33,702 basehttp 9329 140049305773824 "GET /static/datajs/grouplist.js?v= HTTP/1.1" 200 117131
INFO 2017-05-02 17:35:34,037 basehttp 9329 140049305773824 "GET /tasksCount/ HTTP/1.1" 200 47
INFO 2017-05-02 17:35:34,060 basehttp 9329 140049314166528 "GET /KYCTaskListByLoanType/ HTTP/1.1" 200 2
INFO 2017-05-02 17:35:34,150 basehttp 9329 140049314166528 "GET /tasksCount/ HTTP/1.1" 200 47
INFO 2017-05-02 17:35:34,259 basehttp 9329 140049314166528 "GET /tasksCount/ HTTP/1.1" 200 47
INFO 2017-05-02 17:35:35,650 basehttp 9329 140049314166528 "GET /taskListLoanType/KYC%20Check HTTP/1.1" 200 13947
INFO 2017-05-02 17:35:35,873 basehttp 9329 140049297381120 "GET /static/images/firefox_icon.png HTTP/1.1" 200 926
INFO 2017-05-02 17:35:35,895 basehttp 9329 140049314166528 "GET /tasksCount/ HTTP/1.1" 200 47
INFO 2017-05-02 17:35:35,925 basehttp 9329 140049305773824 "GET /KYCTaskListByLoanType/ HTTP/1.1" 200 2
INFO 2017-05-02 17:35:36,020 basehttp 9329 140049305773824 "GET /tasksCount/ HTTP/1.1" 200 47
INFO 2017-05-02 17:35:36,175 basehttp 9329 140049305773824 "GET /tasksCount/ HTTP/1.1" 200 47
INFO 2017-05-02 17:35:36,983 basehttp 9329 140049305773824 "GET /taskListLoanType/KYC%20Check HTTP/1.1" 200 13947
INFO 2017-05-02 17:35:37,218 basehttp 9329 140049305773824 "GET /tasksCount/ HTTP/1.1" 200 47
INFO 2017-05-02 17:35:37,233 basehttp 9329 140049314166528 "GET /KYCTaskListByLoanType/ HTTP/1.1" 200 2
INFO 2017-05-02 17:35:37,350 basehttp 9329 140049314166528 "GET /tasksCount/ HTTP/1.1" 200 47
INFO 2017-05-02 17:35:38,426 basehttp 9329 140049314166528 "GET /taskListLoanType/KYC%20Check HTTP/1.1" 200 13947
INFO 2017-05-02 17:35:38,659 basehttp 9329 140049314166528 "GET /tasksCount/ HTTP/1.1" 200 47
INFO 2017-05-02 17:35:38,675 basehttp 9329 140049305773824 "GET /KYCTaskListByLoanType/ HTTP/1.1" 200 2
INFO 2017-05-02 17:35:38,790 basehttp 9329 140049305773824 "GET /tasksCount/ HTTP/1.1" 200 47
INFO 2017-05-02 17:35:38,903 basehttp 9329 140049305773824 "GET /tasksCount/ HTTP/1.1" 200 47
INFO 2017-05-02 17:35:40,376 basehttp 9329 140049305773824 "GET /assignedTaskList/ HTTP/1.1" 200 12362
INFO 2017-05-02 17:35:40,641 basehttp 9329 140049305773824 "GET /static/datajs/grouplist.js?v=1493723029.8 HTTP/1.1" 200 117131
INFO 2017-05-02 17:35:40,978 basehttp 9329 140049305773824 "GET /tasksCount/ HTTP/1.1" 200 47
INFO 2017-05-02 17:35:41,132 basehttp 9329 140049305773824 "GET /tasksCount/ HTTP/1.1" 200 47
INFO 2017-05-02 17:35:41,565 basehttp 9329 140049305773824 "GET /taskListLoanType/KYC%20Check HTTP/1.1" 200 13947
INFO 2017-05-02 17:35:41,813 basehttp 9329 140049305773824 "GET /tasksCount/ HTTP/1.1" 200 47
INFO 2017-05-02 17:35:41,830 basehttp 9329 140049314166528 "GET /KYCTaskListByLoanType/ HTTP/1.1" 200 2
INFO 2017-05-02 17:35:41,923 basehttp 9329 140049314166528 "GET /tasksCount/ HTTP/1.1" 200 47
INFO 2017-05-02 17:35:42,046 basehttp 9329 140049314166528 "GET /tasksCount/ HTTP/1.1" 200 47
INFO 2017-05-02 17:35:53,163 basehttp 9329 140049314166528 "GET /taskListLoanType/KYC%20Check HTTP/1.1" 200 13947
INFO 2017-05-02 17:35:53,476 basehttp 9329 140049314166528 "GET /tasksCount/ HTTP/1.1" 200 47
INFO 2017-05-02 17:35:53,496 basehttp 9329 140049305773824 "GET /KYCTaskListByLoanType/ HTTP/1.1" 200 2
INFO 2017-05-02 17:35:53,587 basehttp 9329 140049305773824 "GET /tasksCount/ HTTP/1.1" 200 47
INFO 2017-05-02 17:35:53,695 basehttp 9329 140049305773824 "GET /tasksCount/ HTTP/1.1" 200 47
INFO 2017-05-02 17:35:54,267 basehttp 9329 140049305773824 "GET /taskListLoanType/KYC%20Check HTTP/1.1" 200 13947
INFO 2017-05-02 17:35:54,497 basehttp 9329 140049305773824 "GET /tasksCount/ HTTP/1.1" 200 47
INFO 2017-05-02 17:35:54,513 basehttp 9329 140049314166528 "GET /KYCTaskListByLoanType/ HTTP/1.1" 200 2
INFO 2017-05-02 17:35:54,604 basehttp 9329 140049314166528 "GET /tasksCount/ HTTP/1.1" 200 47
INFO 2017-05-02 17:35:54,722 basehttp 9329 140049314166528 "GET /tasksCount/ HTTP/1.1" 200 47
INFO 2017-05-02 17:35:55,427 basehttp 9329 140049314166528 "GET /taskListLoanType/KYC%20Check HTTP/1.1" 200 13947
INFO 2017-05-02 17:35:55,636 basehttp 9329 140049314166528 "GET /tasksCount/ HTTP/1.1" 200 47
INFO 2017-05-02 17:35:55,651 basehttp 9329 140049305773824 "GET /KYCTaskListByLoanType/ HTTP/1.1" 200 2
INFO 2017-05-02 17:35:55,747 basehttp 9329 140049305773824 "GET /tasksCount/ HTTP/1.1" 200 47
INFO 2017-05-02 17:35:55,854 basehttp 9329 140049305773824 "GET /tasksCount/ HTTP/1.1" 200 47
INFO 2017-05-02 17:35:56,428 basehttp 9329 140049305773824 "GET /taskListLoanType/KYC%20Check HTTP/1.1" 200 13947
INFO 2017-05-02 17:35:56,647 basehttp 9329 140049305773824 "GET /tasksCount/ HTTP/1.1" 200 47
INFO 2017-05-02 17:35:56,662 basehttp 9329 140049314166528 "GET /KYCTaskListByLoanType/ HTTP/1.1" 200 2
INFO 2017-05-02 17:35:56,767 basehttp 9329 140049314166528 "GET /tasksCount/ HTTP/1.1" 200 47
INFO 2017-05-02 17:35:56,879 basehttp 9329 140049314166528 "GET /tasksCount/ HTTP/1.1" 200 47
INFO 2017-05-02 17:35:57,714 basehttp 9329 140049314166528 "GET /taskListLoanType/KYC%20Check HTTP/1.1" 200 13947
INFO 2017-05-02 17:35:57,939 basehttp 9329 140049314166528 "GET /tasksCount/ HTTP/1.1" 200 47
INFO 2017-05-02 17:35:57,958 basehttp 9329 140049305773824 "GET /KYCTaskListByLoanType/ HTTP/1.1" 200 2
INFO 2017-05-02 17:35:58,063 basehttp 9329 140049305773824 "GET /tasksCount/ HTTP/1.1" 200 47
INFO 2017-05-02 17:35:58,233 basehttp 9329 140049305773824 "GET /tasksCount/ HTTP/1.1" 200 47
INFO 2017-05-02 17:35:59,177 basehttp 9329 140049305773824 "GET /taskListLoanType/KYC%20Check HTTP/1.1" 200 13947
INFO 2017-05-02 17:35:59,388 basehttp 9329 140049305773824 "GET /tasksCount/ HTTP/1.1" 200 47
INFO 2017-05-02 17:35:59,407 basehttp 9329 140049314166528 "GET /KYCTaskListByLoanType/ HTTP/1.1" 200 2
INFO 2017-05-02 17:35:59,497 basehttp 9329 140049314166528 "GET /tasksCount/ HTTP/1.1" 200 47
INFO 2017-05-02 17:35:59,605 basehttp 9329 140049314166528 "GET /tasksCount/ HTTP/1.1" 200 47
INFO 2017-05-02 17:36:00,337 basehttp 9329 140049314166528 "GET /assignedTaskList/ HTTP/1.1" 200 12362
INFO 2017-05-02 17:36:00,582 basehttp 9329 140049314166528 "GET /tasksCount/ HTTP/1.1" 200 47
INFO 2017-05-02 17:36:00,696 basehttp 9329 140049314166528 "GET /tasksCount/ HTTP/1.1" 200 47
INFO 2017-05-02 17:36:01,786 basehttp 9329 140049314166528 "GET /taskListLoanType/KYC%20Check HTTP/1.1" 200 13947
INFO 2017-05-02 17:36:02,014 basehttp 9329 140049314166528 "GET /tasksCount/ HTTP/1.1" 200 47
INFO 2017-05-02 17:36:02,033 basehttp 9329 140049305773824 "GET /KYCTaskListByLoanType/ HTTP/1.1" 200 2
INFO 2017-05-02 17:36:02,130 basehttp 9329 140049305773824 "GET /tasksCount/ HTTP/1.1" 200 47
INFO 2017-05-02 17:36:02,243 basehttp 9329 140049305773824 "GET /tasksCount/ HTTP/1.1" 200 47
INFO 2017-05-02 17:36:03,206 basehttp 9329 140049305773824 "GET /taskListLoanType/KYC%20Check HTTP/1.1" 200 13947
INFO 2017-05-02 17:36:03,443 basehttp 9329 140049305773824 "GET /tasksCount/ HTTP/1.1" 200 47
INFO 2017-05-02 17:36:03,468 basehttp 9329 140049314166528 "GET /KYCTaskListByLoanType/ HTTP/1.1" 200 2
INFO 2017-05-02 17:36:03,602 basehttp 9329 140049314166528 "GET /tasksCount/ HTTP/1.1" 200 47
INFO 2017-05-02 17:36:03,973 basehttp 9329 140049314166528 "GET /tasksCount/ HTTP/1.1" 200 47
INFO 2017-05-02 17:36:04,915 basehttp 9329 140049314166528 "GET /assignedTaskList/ HTTP/1.1" 200 12362
INFO 2017-05-02 17:36:05,158 basehttp 9329 140049314166528 "GET /tasksCount/ HTTP/1.1" 200 47
INFO 2017-05-02 17:36:05,274 basehttp 9329 140049314166528 "GET /tasksCount/ HTTP/1.1" 200 47
INFO 2017-05-02 17:36:34,972 basehttp 9329 140049314166528 "GET /assignedTaskList/ HTTP/1.1" 200 12362
INFO 2017-05-02 17:36:35,530 basehttp 9329 140049305773824 "GET /tasksCount/ HTTP/1.1" 200 47
INFO 2017-05-02 17:36:35,634 basehttp 9329 140049297381120 "GET /tasksCount/ HTTP/1.1" 200 47
INFO 2017-05-02 17:36:53,707 basehttp 9329 140049339344640 "GET /assignedTaskList/ HTTP/1.1" 200 12362
INFO 2017-05-02 17:36:54,054 basehttp 9329 140049330951936 "GET /tasksCount/ HTTP/1.1" 200 47
INFO 2017-05-02 17:36:54,151 basehttp 9329 140049322559232 "GET /static/images/favicon.ico HTTP/1.1" 200 1406
INFO 2017-05-02 17:36:54,179 basehttp 9329 140049297381120 "GET /tasksCount/ HTTP/1.1" 200 47
INFO 2017-05-02 17:36:56,303 basehttp 9329 140049314166528 "GET /assignedTaskList/ HTTP/1.1" 200 12362
INFO 2017-05-02 17:36:56,502 basehttp 9329 140049305773824 "GET /tasksCount/ HTTP/1.1" 200 47
INFO 2017-05-02 17:36:56,554 basehttp 9329 140049297381120 "GET /static/images/favicon.ico HTTP/1.1" 200 1406
INFO 2017-05-02 17:36:56,632 basehttp 9329 140049322559232 "GET /tasksCount/ HTTP/1.1" 200 47
INFO 2017-05-02 17:36:56,673 basehttp 9329 140049330951936 "GET /assignedTaskList/ HTTP/1.1" 200 12362
INFO 2017-05-02 17:36:56,847 basehttp 9329 140049339344640 "GET /tasksCount/ HTTP/1.1" 200 47
INFO 2017-05-02 17:36:56,933 basehttp 9329 140049330951936 "GET /tasksCount/ HTTP/1.1" 200 47
INFO 2017-05-02 17:36:56,980 basehttp 9329 140049322559232 "GET /assignedTaskList/ HTTP/1.1" 200 12362
INFO 2017-05-02 17:36:57,214 basehttp 9329 140049322559232 "GET /tasksCount/ HTTP/1.1" 200 47
INFO 2017-05-02 17:36:57,250 basehttp 9329 140049330951936 "GET /static/images/favicon.ico HTTP/1.1" 200 1406
INFO 2017-05-02 17:36:57,314 basehttp 9329 140049339344640 "GET /tasksCount/ HTTP/1.1" 200 47
INFO 2017-05-02 17:37:15,518 basehttp 9329 140049297381120 "GET /taskListLoanType/KYC%20Check HTTP/1.1" 200 13947
INFO 2017-05-02 17:37:15,838 basehttp 9329 140049297381120 "GET /tasksCount/ HTTP/1.1" 200 47
INFO 2017-05-02 17:37:15,852 basehttp 9329 140049339344640 "GET /KYCTaskListByLoanType/ HTTP/1.1" 200 2
INFO 2017-05-02 17:37:15,959 basehttp 9329 140049339344640 "GET /tasksCount/ HTTP/1.1" 200 47
INFO 2017-05-02 17:37:16,149 basehttp 9329 140049339344640 "GET /tasksCount/ HTTP/1.1" 200 47
INFO 2017-05-02 17:44:17,984 basehttp 9329 140049339344640 "GET / HTTP/1.1" 302 0
INFO 2017-05-02 17:44:18,039 basehttp 9329 140049297381120 "GET /signin/ HTTP/1.1" 200 9299
INFO 2017-05-02 17:44:18,204 basehttp 9329 140049339344640 "GET /static/font-awesome/4.5.0/css/font-awesome.min.css HTTP/1.1" 200 27466
INFO 2017-05-02 17:44:18,219 basehttp 9329 140049330951936 "GET /static/css/fonts.googleapis.com.css HTTP/1.1" 200 444
INFO 2017-05-02 17:44:18,320 basehttp 9329 140049297381120 "GET /static/css/bootstrap.min.css HTTP/1.1" 200 148422
INFO 2017-05-02 17:44:18,434 basehttp 9329 140049314166528 "GET /static/css/ace-rtl.min.css HTTP/1.1" 200 149246
INFO 2017-05-02 17:44:18,550 basehttp 9329 140049314166528 "GET /static/js/ace-extra.min.js HTTP/1.1" 200 10377
INFO 2017-05-02 17:44:18,738 basehttp 9329 140049297381120 "GET /static/js/jquery-2.1.4.min.js HTTP/1.1" 200 84380
INFO 2017-05-02 17:44:19,432 basehttp 9329 140049322559232 "GET /static/css/ace.min.css HTTP/1.1" 200 502252
INFO 2017-05-02 17:44:19,862 basehttp 9329 140049322559232 "GET /static/js/bowser.js HTTP/1.1" 200 16961
INFO 2017-05-02 17:44:20,051 basehttp 9329 140049297381120 "GET /static/fonts/DXI1ORHCpsQm3Vp6mXoaTXhCUOGz7vYGh680lGh-uXM.woff HTTP/1.1" 200 20848
INFO 2017-05-02 17:44:20,059 basehttp 9329 140049314166528 "GET /static/fonts/cJZKeOuBrn4kERxqtaUH3T8E0i7KZn-EPnyo3HZu7kw.woff HTTP/1.1" 200 20248
INFO 2017-05-02 17:44:20,068 basehttp 9329 140049330951936 "GET /static/js/bootstrap.min.js?v=1493723029.8 HTTP/1.1" 200 36868
INFO 2017-05-02 17:44:20,075 basehttp 9329 140049339344640 "GET /static/js/ace-elements.min.js?v=1493723029.8 HTTP/1.1" 200 62856
INFO 2017-05-02 17:44:20,187 basehttp 9329 140049322559232 "GET /static/font-awesome/4.5.0/fonts/fontawesome-webfont.woff2?v=4.5.0 HTTP/1.1" 200 66624
INFO 2017-05-02 17:44:20,619 basehttp 9329 140049322559232 "GET /static/js/ace.min.js?v=1493723029.8 HTTP/1.1" 200 92124
INFO 2017-05-02 17:44:39,159 basehttp 9329 140049322559232 "GET /static/images/favicon.ico HTTP/1.1" 200 1406
INFO 2017-05-02 17:44:41,721 basehttp 9329 140049322559232 "POST /signin/ HTTP/1.1" 200 9325
INFO 2017-05-02 17:44:41,830 basehttp 9329 140049322559232 "GET /static/images/logo_header.png HTTP/1.1" 200 6317
INFO 2017-05-02 17:45:00,447 basehttp 9329 140049322559232 "POST /signin/ HTTP/1.1" 200 9325
INFO 2017-05-02 17:45:20,175 basehttp 9329 140049322559232 "POST /signin/ HTTP/1.1" 200 9325
INFO 2017-05-02 17:45:59,094 basehttp 9329 140049322559232 "POST /signin/ HTTP/1.1" 302 0
INFO 2017-05-02 17:45:59,225 basehttp 9329 140049322559232 "GET / HTTP/1.1" 200 14389
INFO 2017-05-02 17:45:59,345 basehttp 9329 140049322559232 "GET /static/css/bootstrap-datepicker3.min.css HTTP/1.1" 200 20645
INFO 2017-05-02 17:45:59,358 basehttp 9329 140049339344640 "GET /static/css/jquery-ui.min.css HTTP/1.1" 200 16362
INFO 2017-05-02 17:45:59,381 basehttp 9329 140049314166528 "GET /static/css/icon.min.css HTTP/1.1" 200 1582
INFO 2017-05-02 17:45:59,425 basehttp 9329 140049339344640 "GET /static/css/responsible_table.css HTTP/1.1" 200 1252
INFO 2017-05-02 17:45:59,497 basehttp 9329 140049330951936 "GET /static/css/ace-skins.min.css HTTP/1.1" 200 94520
INFO 2017-05-02 17:45:59,562 basehttp 9329 140049339344640 "GET /static/css/comments.css HTTP/1.1" 200 906
INFO 2017-05-02 17:45:59,579 basehttp 9329 140049330951936 "GET /static/css/jquery-confirm.css HTTP/1.1" 200 13368
INFO 2017-05-02 17:45:59,627 basehttp 9329 140049322559232 "GET /static/js/dataTables.fixedHeader.min.js HTTP/1.1" 200 10342
INFO 2017-05-02 17:45:59,722 basehttp 9329 140049322559232 "GET /static/js/fnPagingInfo.js HTTP/1.1" 200 1478
INFO 2017-05-02 17:45:59,743 basehttp 9329 140049330951936 "GET /static/js/bootstrap-datepicker.min.js HTTP/1.1" 200 34389
INFO 2017-05-02 17:45:59,767 basehttp 9329 140049339344640 "GET /static/js/jquery-confirm.js?v=1493723029.8 HTTP/1.1" 200 22450
INFO 2017-05-02 17:45:59,867 basehttp 9329 140049339344640 "GET /static/js/jquery-file-upload/vendor/jquery.ui.widget.js HTTP/1.1" 200 16089
INFO 2017-05-02 17:46:00,080 basehttp 9329 140049339344640 "GET /static/js/jquery-file-upload/jquery.iframe-transport.js HTTP/1.1" 200 10724
INFO 2017-05-02 17:46:00,103 basehttp 9329 140049339344640 "GET /static/js/jquery-file-upload/jquery.fileupload.js HTTP/1.1" 200 63994
INFO 2017-05-02 17:46:00,336 basehttp 9329 140049322559232 "GET /static/js/jquery.dataTables.bootstrap.min.js HTTP/1.1" 200 3846
INFO 2017-05-02 17:46:00,460 basehttp 9329 140049330951936 "GET /static/js/jquery-ui.min.js?v=1493723029.8 HTTP/1.1" 200 240333
INFO 2017-05-02 17:46:00,628 basehttp 9329 140049339344640 "GET /static/js/jquery.dataTables.min.js HTTP/1.1" 200 83228
INFO 2017-05-02 17:46:00,753 basehttp 9329 140049339344640 "GET /static/js/dataTables.buttons.min.js HTTP/1.1" 200 16188
INFO 2017-05-02 17:46:00,789 basehttp 9329 140049339344640 "GET /static/js/buttons.flash.min.js HTTP/1.1" 200 10859
INFO 2017-05-02 17:46:01,159 basehttp 9329 140049339344640 "GET /static/js/buttons.html5.min.js HTTP/1.1" 200 11541
INFO 2017-05-02 17:46:01,196 basehttp 9329 140049330951936 "GET /static/js/buttons.print.min.js HTTP/1.1" 200 1810
INFO 2017-05-02 17:46:01,211 basehttp 9329 140049339344640 "GET /static/js/buttons.colVis.min.js HTTP/1.1" 200 2698
INFO 2017-05-02 17:46:01,254 basehttp 9329 140049339344640 "GET /static/js/dataTables.select.min.js HTTP/1.1" 200 10848
INFO 2017-05-02 17:46:01,392 basehttp 9329 140049339344640 "GET /static/js/jquery.imagebox.js?v=1493723029.8 HTTP/1.1" 200 7273
INFO 2017-05-02 17:46:01,404 basehttp 9329 140049314166528 "GET /static/js/datatables.min.js HTTP/1.1" 200 692211
INFO 2017-05-02 17:46:01,414 basehttp 9329 140049339344640 "GET /static/js/moment.min.js HTTP/1.1" 200 40700
INFO 2017-05-02 17:46:01,454 basehttp 9329 140049339344640 "GET /static/js/jquery.inputlimiter.min.js HTTP/1.1" 200 4299
INFO 2017-05-02 17:46:01,484 basehttp 9329 140049339344640 "GET /static/js/jquery.alphanumeric.js HTTP/1.1" 200 1820
INFO 2017-05-02 17:46:01,857 basehttp 9329 140049339344640 "GET /static/datajs/loadTaskList.js?v=1493723029.8 HTTP/1.1" 200 18363
INFO 2017-05-02 17:46:02,007 basehttp 9329 140049339344640 "GET /static/fonts/glyphicons-halflings-regular.woff2 HTTP/1.1" 200 18028
INFO 2017-05-02 17:46:02,017 basehttp 9329 140049314166528 "GET /static/js/viewer.js HTTP/1.1" 200 62268
INFO 2017-05-02 17:46:02,026 basehttp 9329 140049330951936 "GET /static/js/imageViewer.js HTTP/1.1" 200 1757
INFO 2017-05-02 17:46:02,036 basehttp 9329 140049322559232 "GET /static/images/madura_logo.gif HTTP/1.1" 200 17714
INFO 2017-05-02 17:46:02,308 basehttp 9329 140049322559232 "GET /tasksCount/ HTTP/1.1" 200 61
INFO 2017-05-02 17:46:02,434 basehttp 9329 140049322559232 "GET /tasksCount/ HTTP/1.1" 200 61
INFO 2017-05-02 17:46:12,135 basehttp 9329 140049322559232 "GET /assignedTaskList/ HTTP/1.1" 200 23521
INFO 2017-05-02 17:46:12,455 basehttp 9329 140049330951936 "GET /static/images/chrome_icon.png HTTP/1.1" 200 762
INFO 2017-05-02 17:46:12,527 basehttp 9329 140049322559232 "GET /static/datajs/grouplist.js?v=1493723029.8 HTTP/1.1" 200 117131
INFO 2017-05-02 17:46:12,592 basehttp 9329 140049322559232 "GET /static/images/firefox_icon.png HTTP/1.1" 200 926
INFO 2017-05-02 17:46:16,361 basehttp 9329 140049322559232 "GET /SHGForm/80591/132117/8efed3cc-2f30-11e7-beb0-0666ef5380a3/e14b2a1c-2f2e-11e7-beb0-0666ef5380a3/KYC%20Check/PLL/1 HTTP/1.1" 200 71779
INFO 2017-05-02 17:46:16,381 basehttp 9329 140049322559232 "GET /static/datajs/masterData.js?v=1493723029.8 HTTP/1.1" 200 6196
INFO 2017-05-02 17:46:16,527 basehttp 9329 140049322559232 "GET /static/datajs/mysidenav.js?v=1493723029.8 HTTP/1.1" 200 1022
INFO 2017-05-02 17:46:16,766 basehttp 9329 140049330951936 "GET /getGroupData/80591/132117/KYC%20Check HTTP/1.1" 200 3551
INFO 2017-05-02 17:46:16,804 basehttp 9329 140049322559232 "GET /tasksCount/ HTTP/1.1" 200 61
INFO 2017-05-02 17:46:17,005 basehttp 9329 140049322559232 "POST /groupRoleDetails/ HTTP/1.1" 200 846
INFO 2017-05-02 17:46:18,516 basehttp 9329 140049322559232 "GET /getIndMemberData/1182566/80591/132117/KYC%20Check HTTP/1.1" 200 8031
INFO 2017-05-02 17:46:18,697 basehttp 9329 140049330951936 "POST /getLoanMemberPaymentHistory/1182566/80591 HTTP/1.1" 200 107
INFO 2017-05-02 17:46:18,702 basehttp 9329 140049322559232 "GET /getGroupData/80591/132117/KYC%20Check HTTP/1.1" 200 3551
INFO 2017-05-02 17:46:23,066 basehttp 9329 140049330951936 "POST /masterIDProof/ HTTP/1.1" 200 1213
INFO 2017-05-02 17:46:23,068 basehttp 9329 140049322559232 "POST /masterDataBank/ HTTP/1.1" 200 51272
INFO 2017-05-02 17:46:23,070 basehttp 9329 140049314166528 "POST /masterAddressProof/ HTTP/1.1" 200 1190
INFO 2017-05-02 17:46:23,076 basehttp 9329 140049339344640 "POST /masterLoanPurpose/ HTTP/1.1" 200 7304
INFO 2017-05-02 17:47:06,069 basehttp 9329 140049314166528 "POST /groupRoleDetails/ HTTP/1.1" 200 846
INFO 2017-05-02 17:47:06,265 basehttp 9329 140049314166528 "GET /getGroupData/80591/132117/KYC%20Check HTTP/1.1" 200 3551
INFO 2017-05-02 17:47:07,090 basehttp 9329 140049339344640 "GET /getIndMemberData/1182567/80591/132117/KYC%20Check HTTP/1.1" 200 8042
INFO 2017-05-02 17:47:07,258 basehttp 9329 140049339344640 "POST /getLoanMemberPaymentHistory/1182567/80591 HTTP/1.1" 200 107
INFO 2017-05-02 17:47:07,315 basehttp 9329 140049314166528 "GET /getMemberFSR/1182567 HTTP/1.1" 200 51131
INFO 2017-05-02 17:49:12,977 basehttp 9329 140049314166528 "POST /groupRoleDetails/ HTTP/1.1" 200 846
INFO 2017-05-02 17:49:13,106 basehttp 9329 140049314166528 "GET /getGroupData/80591/132117/KYC%20Check HTTP/1.1" 200 3551
INFO 2017-05-02 17:49:14,015 basehttp 9329 140049339344640 "GET /getIndMemberData/1182568/80591/132117/KYC%20Check HTTP/1.1" 200 8197
INFO 2017-05-02 17:49:14,245 basehttp 9329 140049339344640 "POST /getLoanMemberPaymentHistory/1182568/80591 HTTP/1.1" 200 107
INFO 2017-05-02 17:49:14,534 basehttp 9329 140049314166528 "GET /getMemberFSR/1182568 HTTP/1.1" 200 51155
INFO 2017-05-02 17:52:31,968 basehttp 9329 140049314166528 "GET /taskListLoanType/KYC%20Check HTTP/1.1" 200 13947
INFO 2017-05-02 17:52:32,024 basehttp 9329 140049339344640 "GET /static/datajs/grouplist.js?v= HTTP/1.1" 304 0
INFO 2017-05-02 17:52:32,246 basehttp 9329 140049330951936 "GET /tasksCount/ HTTP/1.1" 200 61
INFO 2017-05-02 17:52:32,272 basehttp 9329 140049322559232 "GET /KYCTaskListByLoanType/ HTTP/1.1" 200 10579
INFO 2017-05-02 17:52:32,322 basehttp 9329 140049305511680 "GET /tasksCount/ HTTP/1.1" 200 61
INFO 2017-05-02 17:52:32,322 basehttp 9329 140048951408384 "GET /static/images/favicon.ico HTTP/1.1" 200 1406
INFO 2017-05-02 17:52:32,476 basehttp 9329 140048951408384 "GET /tasksCount/ HTTP/1.1" 200 61
INFO 2017-05-02 17:53:44,113 basehttp 9329 140048951408384 "GET /taskListLoanType/KYC%20Check HTTP/1.1" 200 13947
INFO 2017-05-02 17:53:44,455 basehttp 9329 140048951408384 "GET /tasksCount/ HTTP/1.1" 200 61
INFO 2017-05-02 17:53:44,477 basehttp 9329 140049305511680 "GET /KYCTaskListByLoanType/ HTTP/1.1" 200 10579
INFO 2017-05-02 17:53:44,615 basehttp 9329 140049305511680 "GET /tasksCount/ HTTP/1.1" 200 61
INFO 2017-05-02 17:53:44,746 basehttp 9329 140049305511680 "GET /tasksCount/ HTTP/1.1" 200 61
INFO 2017-05-02 17:55:36,177 basehttp 9329 140049305511680 "GET /taskListLoanType/KYC%20Check HTTP/1.1" 200 13947
INFO 2017-05-02 17:55:36,607 basehttp 9329 140049322559232 "GET /tasksCount/ HTTP/1.1" 200 61
INFO 2017-05-02 17:55:36,631 basehttp 9329 140048951408384 "GET /KYCTaskListByLoanType/ HTTP/1.1" 200 10579
INFO 2017-05-02 17:55:36,663 basehttp 9329 140049339344640 "GET /static/images/favicon.ico HTTP/1.1" 200 1406
INFO 2017-05-02 17:55:36,689 basehttp 9329 140049330951936 "GET /tasksCount/ HTTP/1.1" 200 61
INFO 2017-05-02 17:55:36,836 basehttp 9329 140049330951936 "GET /tasksCount/ HTTP/1.1" 200 61
INFO 2017-05-02 18:05:29,284 basehttp 9329 140049330951936 "GET /taskListLoanType/KYC%20Check HTTP/1.1" 200 13947
INFO 2017-05-02 18:05:29,341 basehttp 9329 140048951408384 "GET /static/datajs/grouplist.js?v= HTTP/1.1" 304 0
INFO 2017-05-02 18:05:29,573 basehttp 9329 140049339344640 "GET /tasksCount/ HTTP/1.1" 200 61
INFO 2017-05-02 18:05:29,592 basehttp 9329 140049322559232 "GET /KYCTaskListByLoanType/ HTTP/1.1" 200 7145
INFO 2017-05-02 18:05:29,668 basehttp 9329 140049339344640 "GET /static/images/favicon.ico HTTP/1.1" 200 1406
INFO 2017-05-02 18:05:29,708 basehttp 9329 140049322559232 "GET /tasksCount/ HTTP/1.1" 200 61
INFO 2017-05-02 18:05:29,833 basehttp 9329 140049322559232 "GET /tasksCount/ HTTP/1.1" 200 61
INFO 2017-05-02 18:12:37,183 basehttp 9329 140049322559232 "GET /taskListLoanType/KYC%20Check HTTP/1.1" 200 13947
INFO 2017-05-02 18:12:37,235 basehttp 9329 140049339344640 "GET /static/css/bootstrap.min.css HTTP/1.1" 304 0
INFO 2017-05-02 18:12:37,245 basehttp 9329 140048951408384 "GET /static/font-awesome/4.5.0/css/font-awesome.min.css HTTP/1.1" 304 0
INFO 2017-05-02 18:12:37,282 basehttp 9329 140048951408384 "GET /static/css/fonts.googleapis.com.css HTTP/1.1" 304 0
INFO 2017-05-02 18:12:37,283 basehttp 9329 140049339344640 "GET /static/css/ace.min.css HTTP/1.1" 304 0
INFO 2017-05-02 18:12:37,284 basehttp 9329 140048951408384 "GET /static/css/bootstrap-datepicker3.min.css HTTP/1.1" 304 0
INFO 2017-05-02 18:12:37,295 basehttp 9329 140048951408384 "GET /static/css/jquery-ui.min.css HTTP/1.1" 304 0
INFO 2017-05-02 18:12:37,316 basehttp 9329 140048951408384 "GET /static/css/ace-skins.min.css HTTP/1.1" 304 0
INFO 2017-05-02 18:12:37,324 basehttp 9329 140048951408384 "GET /static/css/ace-rtl.min.css HTTP/1.1" 304 0
INFO 2017-05-02 18:12:37,359 basehttp 9329 140048951408384 "GET /static/css/icon.min.css HTTP/1.1" 304 0
INFO 2017-05-02 18:12:37,361 basehttp 9329 140049339344640 "GET /static/css/responsible_table.css HTTP/1.1" 304 0
INFO 2017-05-02 18:12:37,363 basehttp 9329 140048951408384 "GET /static/css/comments.css HTTP/1.1" 304 0
INFO 2017-05-02 18:12:37,375 basehttp 9329 140048951408384 "GET /static/css/jquery-confirm.css HTTP/1.1" 304 0
INFO 2017-05-02 18:12:37,421 basehttp 9329 140048951408384 "GET /static/js/jquery-2.1.4.min.js HTTP/1.1" 304 0
INFO 2017-05-02 18:12:37,423 basehttp 9329 140049339344640 "GET /static/js/ace-extra.min.js HTTP/1.1" 304 0
INFO 2017-05-02 18:12:37,465 basehttp 9329 140049339344640 "GET /static/js/datatables.min.js HTTP/1.1" 304 0
INFO 2017-05-02 18:12:37,469 basehttp 9329 140048951408384 "GET /static/js/dataTables.fixedHeader.min.js HTTP/1.1" 304 0
INFO 2017-05-02 18:12:37,471 basehttp 9329 140049339344640 "GET /static/js/fnPagingInfo.js HTTP/1.1" 304 0
INFO 2017-05-02 18:12:37,472 basehttp 9329 140048951408384 "GET /static/js/bootstrap-datepicker.min.js HTTP/1.1" 304 0
INFO 2017-05-02 18:12:37,510 basehttp 9329 140048951408384 "GET /static/js/jquery-file-upload/vendor/jquery.ui.widget.js HTTP/1.1" 304 0
INFO 2017-05-02 18:12:37,511 basehttp 9329 140049339344640 "GET /static/js/jquery-file-upload/jquery.iframe-transport.js HTTP/1.1" 304 0
INFO 2017-05-02 18:12:37,543 basehttp 9329 140049339344640 "GET /static/js/jquery-file-upload/jquery.fileupload.js HTTP/1.1" 304 0
INFO 2017-05-02 18:12:37,548 basehttp 9329 140049339344640 "GET /static/js/jquery.dataTables.min.js HTTP/1.1" 304 0
INFO 2017-05-02 18:12:37,550 basehttp 9329 140048951408384 "GET /static/js/jquery.dataTables.bootstrap.min.js HTTP/1.1" 304 0
INFO 2017-05-02 18:12:37,551 basehttp 9329 140049339344640 "GET /static/js/dataTables.buttons.min.js HTTP/1.1" 304 0
INFO 2017-05-02 18:12:37,590 basehttp 9329 140049339344640 "GET /static/datajs/loadTaskList.js?v= HTTP/1.1" 304 0
INFO 2017-05-02 18:12:37,630 basehttp 9329 140049339344640 "GET /static/images/logo_header.png HTTP/1.1" 304 0
INFO 2017-05-02 18:12:37,674 basehttp 9329 140049339344640 "GET /static/fonts/cJZKeOuBrn4kERxqtaUH3T8E0i7KZn-EPnyo3HZu7kw.woff HTTP/1.1" 304 0
INFO 2017-05-02 18:12:37,675 basehttp 9329 140048951408384 "GET /static/font-awesome/4.5.0/fonts/fontawesome-webfont.woff2?v=4.5.0 HTTP/1.1" 304 0
INFO 2017-05-02 18:12:37,692 basehttp 9329 140048951408384 "GET /static/fonts/DXI1ORHCpsQm3Vp6mXoaTXhCUOGz7vYGh680lGh-uXM.woff HTTP/1.1" 304 0
INFO 2017-05-02 18:12:37,740 basehttp 9329 140049339344640 "GET /tasksCount/ HTTP/1.1" 200 61
INFO 2017-05-02 18:12:37,818 basehttp 9329 140048951408384 "GET /static/images/favicon.ico HTTP/1.1" 200 1406
INFO 2017-05-02 18:12:37,853 basehttp 9329 140049339344640 "GET /KYCTaskListByLoanType/ HTTP/1.1" 200 7145
INFO 2017-05-02 18:12:58,081 basehttp 9329 140049339344640 "GET /tasksCount/ HTTP/1.1" 200 61
INFO 2017-05-02 18:20:22,591 basehttp 9329 140049339344640 "GET /taskListLoanType/KYC%20Check HTTP/1.1" 200 13947
INFO 2017-05-02 18:20:22,684 basehttp 9329 140049339344640 "GET /static/js/bootstrap.min.js?v= HTTP/1.1" 304 0
INFO 2017-05-02 18:20:22,685 basehttp 9329 140048951408384 "GET /static/js/jquery-confirm.js?v= HTTP/1.1" 304 0
INFO 2017-05-02 18:20:22,686 basehttp 9329 140049339344640 "GET /static/js/ace-elements.min.js?v= HTTP/1.1" 304 0
INFO 2017-05-02 18:20:22,687 basehttp 9329 140048951408384 "GET /static/js/ace.min.js?v= HTTP/1.1" 304 0
INFO 2017-05-02 18:20:22,689 basehttp 9329 140049339344640 "GET /static/js/jquery-ui.min.js?v= HTTP/1.1" 304 0
INFO 2017-05-02 18:20:22,699 basehttp 9329 140049339344640 "GET /static/js/buttons.flash.min.js HTTP/1.1" 304 0
INFO 2017-05-02 18:20:22,762 basehttp 9329 140049339344640 "GET /static/js/buttons.html5.min.js HTTP/1.1" 304 0
INFO 2017-05-02 18:20:22,763 basehttp 9329 140048951408384 "GET /static/js/buttons.print.min.js HTTP/1.1" 304 0
INFO 2017-05-02 18:20:22,764 basehttp 9329 140049339344640 "GET /static/js/buttons.colVis.min.js HTTP/1.1" 304 0
INFO 2017-05-02 18:20:22,766 basehttp 9329 140048951408384 "GET /static/js/dataTables.select.min.js HTTP/1.1" 304 0
INFO 2017-05-02 18:20:22,770 basehttp 9329 140048951408384 "GET /static/js/jquery.imagebox.js?v= HTTP/1.1" 304 0
INFO 2017-05-02 18:20:22,777 basehttp 9329 140048951408384 "GET /static/js/moment.min.js HTTP/1.1" 304 0
INFO 2017-05-02 18:20:22,840 basehttp 9329 140048951408384 "GET /static/js/jquery.inputlimiter.min.js HTTP/1.1" 304 0
INFO 2017-05-02 18:20:22,841 basehttp 9329 140049339344640 "GET /static/js/jquery.alphanumeric.js HTTP/1.1" 304 0
INFO 2017-05-02 18:20:22,842 basehttp 9329 140048951408384 "GET /static/datajs/grouplist.js?v= HTTP/1.1" 304 0
INFO 2017-05-02 18:20:22,921 basehttp 9329 140048951408384 "GET /static/fonts/glyphicons-halflings-regular.woff2 HTTP/1.1" 304 0
INFO 2017-05-02 18:20:22,922 basehttp 9329 140048951408384 "GET /static/js/viewer.js HTTP/1.1" 304 0
INFO 2017-05-02 18:20:22,923 basehttp 9329 140049339344640 "GET /static/js/imageViewer.js HTTP/1.1" 304 0
INFO 2017-05-02 18:20:22,924 basehttp 9329 140049322559232 "GET /static/images/madura_logo.gif HTTP/1.1" 304 0
INFO 2017-05-02 18:20:22,926 basehttp 9329 140049339344640 "GET /static/images/chrome_icon.png HTTP/1.1" 304 0
INFO 2017-05-02 18:20:22,927 basehttp 9329 140049322559232 "GET /static/images/firefox_icon.png HTTP/1.1" 304 0
INFO 2017-05-02 18:20:23,057 basehttp 9329 140049322559232 "GET /tasksCount/ HTTP/1.1" 200 61
INFO 2017-05-02 18:20:23,076 basehttp 9329 140049339344640 "GET /KYCTaskListByLoanType/ HTTP/1.1" 200 3223
INFO 2017-05-02 18:20:23,172 basehttp 9329 140049339344640 "GET /tasksCount/ HTTP/1.1" 200 61
INFO 2017-05-02 18:20:23,291 basehttp 9329 140049339344640 "GET /tasksCount/ HTTP/1.1" 200 61
INFO 2017-05-02 18:20:25,668 basehttp 9329 140049339344640 "GET /assignedTaskList/ HTTP/1.1" 200 25926
INFO 2017-05-02 18:20:25,761 basehttp 9329 140049339344640 "GET /static/js/bootstrap.min.js?v=1493723029.8 HTTP/1.1" 304 0
INFO 2017-05-02 18:20:25,762 basehttp 9329 140049322559232 "GET /static/js/jquery-confirm.js?v=1493723029.8 HTTP/1.1" 304 0
INFO 2017-05-02 18:20:25,763 basehttp 9329 140049339344640 "GET /static/js/ace-elements.min.js?v=1493723029.8 HTTP/1.1" 304 0
INFO 2017-05-02 18:20:25,765 basehttp 9329 140049322559232 "GET /static/js/ace.min.js?v=1493723029.8 HTTP/1.1" 304 0
INFO 2017-05-02 18:20:25,766 basehttp 9329 140049339344640 "GET /static/js/jquery-ui.min.js?v=1493723029.8 HTTP/1.1" 304 0
INFO 2017-05-02 18:20:25,813 basehttp 9329 140049339344640 "GET /static/js/jquery.imagebox.js?v=1493723029.8 HTTP/1.1" 304 0
INFO 2017-05-02 18:20:25,838 basehttp 9329 140049339344640 "GET /static/datajs/loadTaskList.js?v=1493723029.8 HTTP/1.1" 304 0
INFO 2017-05-02 18:20:25,839 basehttp 9329 140049322559232 "GET /static/datajs/grouplist.js?v=1493723029.8 HTTP/1.1" 304 0
INFO 2017-05-02 18:20:25,994 basehttp 9329 140049322559232 "GET /tasksCount/ HTTP/1.1" 200 61
INFO 2017-05-02 18:20:26,105 basehttp 9329 140049322559232 "GET /tasksCount/ HTTP/1.1" 200 61
INFO 2017-05-02 18:20:27,694 basehttp 9329 140049322559232 "GET /SHGForm/33242/152146/8dca5621-2f31-11e7-beb0-0666ef5380a3/e146bd16-2f2e-11e7-beb0-0666ef5380a3/KYC%20Check/ATL/2 HTTP/1.1" 200 71779
INFO 2017-05-02 18:20:27,730 basehttp 9329 140049322559232 "GET /static/datajs/masterData.js?v=1493723029.8 HTTP/1.1" 200 6196
INFO 2017-05-02 18:20:27,731 basehttp 9329 140049339344640 "GET /static/datajs/mysidenav.js?v=1493723029.8 HTTP/1.1" 200 1022
INFO 2017-05-02 18:20:27,957 basehttp 9329 140049339344640 "GET /tasksCount/ HTTP/1.1" 200 61
INFO 2017-05-02 18:20:27,995 basehttp 9329 140048951408384 "GET /getGroupData/33242/152146/KYC%20Check HTTP/1.1" 200 5843
INFO 2017-05-02 18:20:28,019 basehttp 9329 140049322559232 "POST /groupRoleDetails/ HTTP/1.1" 200 972
INFO 2017-05-02 18:20:28,149 basehttp 9329 140048951408384 "GET /getGroupData/33242/152146/KYC%20Check HTTP/1.1" 200 5843
INFO 2017-05-02 18:20:28,575 basehttp 9329 140049339344640 "GET /static/images/ajax-loader.gif HTTP/1.1" 200 331006
INFO 2017-05-02 18:20:28,874 basehttp 9329 140048951408384 "POST /masterIDProof/ HTTP/1.1" 200 1213
INFO 2017-05-02 18:20:28,882 basehttp 9329 140049330951936 "POST /masterAddressProof/ HTTP/1.1" 200 1190
INFO 2017-05-02 18:20:28,887 basehttp 9329 140049339344640 "POST /masterDataBank/ HTTP/1.1" 200 51272
INFO 2017-05-02 18:20:28,891 basehttp 9329 140049314166528 "POST /masterLoanPurpose/ HTTP/1.1" 200 7304
INFO 2017-05-02 18:20:29,188 basehttp 9329 140049322559232 "GET /getIndMemberData/479987/33242/152146/KYC%20Check HTTP/1.1" 200 8325
INFO 2017-05-02 18:20:29,386 basehttp 9329 140049314166528 "GET /getMemberFSR/479987 HTTP/1.1" 200 56057
INFO 2017-05-02 18:20:29,462 basehttp 9329 140049322559232 "POST /getLoanMemberPaymentHistory/479987/33242 HTTP/1.1" 200 754
INFO 2017-05-02 18:20:45,170 basehttp 9329 140049314166528 "POST /groupRoleDetails/ HTTP/1.1" 200 972
INFO 2017-05-02 18:20:45,290 basehttp 9329 140049314166528 "GET /getGroupData/33242/152146/KYC%20Check HTTP/1.1" 200 5843
INFO 2017-05-02 18:20:46,223 basehttp 9329 140049322559232 "GET /getIndMemberData/808133/33242/152146/KYC%20Check HTTP/1.1" 200 8342
INFO 2017-05-02 18:20:46,428 basehttp 9329 140049314166528 "GET /getMemberFSR/808133 HTTP/1.1" 200 56115
INFO 2017-05-02 18:20:46,615 basehttp 9329 140049322559232 "POST /getLoanMemberPaymentHistory/808133/33242 HTTP/1.1" 200 754
INFO 2017-05-02 18:20:55,104 basehttp 9329 140049314166528 "POST /groupRoleDetails/ HTTP/1.1" 200 972
INFO 2017-05-02 18:20:55,229 basehttp 9329 140049314166528 "GET /getGroupData/33242/152146/KYC%20Check HTTP/1.1" 200 5843
INFO 2017-05-02 18:20:56,117 basehttp 9329 140049322559232 "GET /getIndMemberData/808129/33242/152146/KYC%20Check HTTP/1.1" 200 8343
INFO 2017-05-02 18:20:56,325 basehttp 9329 140049314166528 "GET /getMemberFSR/808129 HTTP/1.1" 200 56192
INFO 2017-05-02 18:20:56,391 basehttp 9329 140049322559232 "POST /getLoanMemberPaymentHistory/808129/33242 HTTP/1.1" 200 754
INFO 2017-05-02 18:21:03,763 basehttp 9329 140049322559232 "POST /groupRoleDetails/ HTTP/1.1" 200 972
INFO 2017-05-02 18:21:03,885 basehttp 9329 140049322559232 "GET /getGroupData/33242/152146/KYC%20Check HTTP/1.1" 200 5843
INFO 2017-05-02 18:21:04,802 basehttp 9329 140049314166528 "GET /getIndMemberData/480003/33242/152146/KYC%20Check HTTP/1.1" 200 8484
INFO 2017-05-02 18:21:04,992 basehttp 9329 140049322559232 "GET /getMemberFSR/480003 HTTP/1.1" 200 56259
INFO 2017-05-02 18:21:05,075 basehttp 9329 140049314166528 "POST /getLoanMemberPaymentHistory/480003/33242 HTTP/1.1" 200 754
INFO 2017-05-02 18:21:10,376 basehttp 9329 140049322559232 "POST /groupRoleDetails/ HTTP/1.1" 200 972
INFO 2017-05-02 18:21:10,504 basehttp 9329 140049322559232 "GET /getGroupData/33242/152146/KYC%20Check HTTP/1.1" 200 5843
INFO 2017-05-02 18:21:11,397 basehttp 9329 140049314166528 "GET /getIndMemberData/479990/33242/152146/KYC%20Check HTTP/1.1" 200 8440
INFO 2017-05-02 18:21:11,590 basehttp 9329 140049322559232 "GET /getMemberFSR/479990 HTTP/1.1" 200 56072
INFO 2017-05-02 18:21:11,663 basehttp 9329 140049314166528 "POST /getLoanMemberPaymentHistory/479990/33242 HTTP/1.1" 200 754
INFO 2017-05-02 18:21:18,627 basehttp 9329 140049322559232 "POST /groupRoleDetails/ HTTP/1.1" 200 972
INFO 2017-05-02 18:21:18,746 basehttp 9329 140049322559232 "GET /getGroupData/33242/152146/KYC%20Check HTTP/1.1" 200 5843
INFO 2017-05-02 18:21:19,687 basehttp 9329 140049314166528 "GET /getIndMemberData/480000/33242/152146/KYC%20Check HTTP/1.1" 200 8345
INFO 2017-05-02 18:21:19,879 basehttp 9329 140049322559232 "GET /getMemberFSR/480000 HTTP/1.1" 200 56204
INFO 2017-05-02 18:21:19,950 basehttp 9329 140049314166528 "POST /getLoanMemberPaymentHistory/480000/33242 HTTP/1.1" 200 754
INFO 2017-05-02 18:21:46,934 basehttp 9329 140049314166528 "GET /assignedTaskList/ HTTP/1.1" 200 25926
INFO 2017-05-02 18:21:47,249 basehttp 9329 140049314166528 "GET /tasksCount/ HTTP/1.1" 200 61
INFO 2017-05-02 18:21:47,360 basehttp 9329 140049314166528 "GET /tasksCount/ HTTP/1.1" 200 61
